mode: set
github.com/falcomza/go-docx/bookmark.go:29.47,35.2 1 1
github.com/falcomza/go-docx/bookmark.go:39.75,40.14 1 1
github.com/falcomza/go-docx/bookmark.go:40.14,42.3 1 0
github.com/falcomza/go-docx/bookmark.go:43.2,43.51 1 1
github.com/falcomza/go-docx/bookmark.go:43.51,45.3 1 1
github.com/falcomza/go-docx/bookmark.go:48.2,49.16 2 1
github.com/falcomza/go-docx/bookmark.go:49.16,51.3 1 0
github.com/falcomza/go-docx/bookmark.go:54.2,59.16 4 1
github.com/falcomza/go-docx/bookmark.go:59.16,61.3 1 0
github.com/falcomza/go-docx/bookmark.go:64.2,65.16 2 1
github.com/falcomza/go-docx/bookmark.go:65.16,67.3 1 0
github.com/falcomza/go-docx/bookmark.go:70.2,70.62 1 1
github.com/falcomza/go-docx/bookmark.go:70.62,72.3 1 0
github.com/falcomza/go-docx/bookmark.go:74.2,74.12 1 1
github.com/falcomza/go-docx/bookmark.go:78.89,79.14 1 1
github.com/falcomza/go-docx/bookmark.go:79.14,81.3 1 0
github.com/falcomza/go-docx/bookmark.go:82.2,82.16 1 1
github.com/falcomza/go-docx/bookmark.go:82.16,84.3 1 0
github.com/falcomza/go-docx/bookmark.go:85.2,85.51 1 1
github.com/falcomza/go-docx/bookmark.go:85.51,87.3 1 0
github.com/falcomza/go-docx/bookmark.go:90.2,90.22 1 1
github.com/falcomza/go-docx/bookmark.go:90.22,92.3 1 0
github.com/falcomza/go-docx/bookmark.go:95.2,96.16 2 1
github.com/falcomza/go-docx/bookmark.go:96.16,98.3 1 0
github.com/falcomza/go-docx/bookmark.go:101.2,106.16 4 1
github.com/falcomza/go-docx/bookmark.go:106.16,108.3 1 0
github.com/falcomza/go-docx/bookmark.go:111.2,112.16 2 1
github.com/falcomza/go-docx/bookmark.go:112.16,114.3 1 0
github.com/falcomza/go-docx/bookmark.go:117.2,117.62 1 1
github.com/falcomza/go-docx/bookmark.go:117.62,119.3 1 0
github.com/falcomza/go-docx/bookmark.go:121.2,121.12 1 1
github.com/falcomza/go-docx/bookmark.go:125.69,126.14 1 1
github.com/falcomza/go-docx/bookmark.go:126.14,128.3 1 0
github.com/falcomza/go-docx/bookmark.go:129.2,129.22 1 1
github.com/falcomza/go-docx/bookmark.go:129.22,131.3 1 0
github.com/falcomza/go-docx/bookmark.go:132.2,132.51 1 1
github.com/falcomza/go-docx/bookmark.go:132.51,134.3 1 0
github.com/falcomza/go-docx/bookmark.go:137.2,138.16 2 1
github.com/falcomza/go-docx/bookmark.go:138.16,140.3 1 0
github.com/falcomza/go-docx/bookmark.go:143.2,145.16 3 1
github.com/falcomza/go-docx/bookmark.go:145.16,147.3 1 0
github.com/falcomza/go-docx/bookmark.go:150.2,151.16 2 1
github.com/falcomza/go-docx/bookmark.go:151.16,153.3 1 0
github.com/falcomza/go-docx/bookmark.go:156.2,156.62 1 1
github.com/falcomza/go-docx/bookmark.go:156.62,158.3 1 0
github.com/falcomza/go-docx/bookmark.go:160.2,160.12 1 1
github.com/falcomza/go-docx/bookmark.go:164.52,167.16 3 1
github.com/falcomza/go-docx/bookmark.go:167.16,169.3 1 0
github.com/falcomza/go-docx/bookmark.go:172.2,175.32 3 1
github.com/falcomza/go-docx/bookmark.go:175.32,176.21 1 1
github.com/falcomza/go-docx/bookmark.go:176.21,178.32 2 1
github.com/falcomza/go-docx/bookmark.go:178.32,180.5 1 1
github.com/falcomza/go-docx/bookmark.go:184.2,184.23 1 1
github.com/falcomza/go-docx/bookmark.go:194.46,195.16 1 1
github.com/falcomza/go-docx/bookmark.go:195.16,197.3 1 1
github.com/falcomza/go-docx/bookmark.go:200.2,200.20 1 1
github.com/falcomza/go-docx/bookmark.go:200.20,202.3 1 1
github.com/falcomza/go-docx/bookmark.go:205.2,205.30 1 1
github.com/falcomza/go-docx/bookmark.go:205.30,207.3 1 1
github.com/falcomza/go-docx/bookmark.go:210.2,211.41 2 1
github.com/falcomza/go-docx/bookmark.go:211.41,213.3 1 1
github.com/falcomza/go-docx/bookmark.go:216.2,219.41 2 1
github.com/falcomza/go-docx/bookmark.go:219.41,220.40 1 1
github.com/falcomza/go-docx/bookmark.go:220.40,222.4 1 0
github.com/falcomza/go-docx/bookmark.go:225.2,225.12 1 1
github.com/falcomza/go-docx/bookmark.go:229.28,231.2 1 1
github.com/falcomza/go-docx/bookmark.go:234.81,240.22 3 1
github.com/falcomza/go-docx/bookmark.go:240.22,244.3 3 1
github.com/falcomza/go-docx/bookmark.go:247.2,252.29 4 1
github.com/falcomza/go-docx/bookmark.go:256.90,262.22 3 1
github.com/falcomza/go-docx/bookmark.go:262.22,266.3 3 1
github.com/falcomza/go-docx/bookmark.go:269.2,275.66 4 1
github.com/falcomza/go-docx/bookmark.go:275.66,277.3 1 0
github.com/falcomza/go-docx/bookmark.go:278.2,288.29 7 1
github.com/falcomza/go-docx/bookmark.go:292.97,297.19 3 1
github.com/falcomza/go-docx/bookmark.go:297.19,299.3 1 0
github.com/falcomza/go-docx/bookmark.go:302.2,303.23 2 1
github.com/falcomza/go-docx/bookmark.go:303.23,305.3 1 0
github.com/falcomza/go-docx/bookmark.go:308.2,309.23 2 1
github.com/falcomza/go-docx/bookmark.go:309.23,311.3 1 0
github.com/falcomza/go-docx/bookmark.go:312.2,316.21 3 1
github.com/falcomza/go-docx/bookmark.go:316.21,318.3 1 0
github.com/falcomza/go-docx/bookmark.go:319.2,333.37 10 1
github.com/falcomza/go-docx/bookmark.go:337.97,338.23 1 1
github.com/falcomza/go-docx/bookmark.go:339.25,340.48 1 1
github.com/falcomza/go-docx/bookmark.go:341.19,342.46 1 1
github.com/falcomza/go-docx/bookmark.go:343.25,344.24 1 1
github.com/falcomza/go-docx/bookmark.go:344.24,346.4 1 0
github.com/falcomza/go-docx/bookmark.go:347.3,347.59 1 1
github.com/falcomza/go-docx/bookmark.go:348.26,349.24 1 0
github.com/falcomza/go-docx/bookmark.go:349.24,351.4 1 0
github.com/falcomza/go-docx/bookmark.go:352.3,352.60 1 0
github.com/falcomza/go-docx/bookmark.go:353.10,354.46 1 0
github.com/falcomza/go-docx/breaks.go:11.60,12.14 1 1
github.com/falcomza/go-docx/breaks.go:12.14,14.3 1 0
github.com/falcomza/go-docx/breaks.go:17.2,22.16 4 1
github.com/falcomza/go-docx/breaks.go:22.16,24.3 1 0
github.com/falcomza/go-docx/breaks.go:27.2,28.16 2 1
github.com/falcomza/go-docx/breaks.go:28.16,30.3 1 1
github.com/falcomza/go-docx/breaks.go:33.2,33.62 1 1
github.com/falcomza/go-docx/breaks.go:33.62,35.3 1 0
github.com/falcomza/go-docx/breaks.go:37.2,37.12 1 1
github.com/falcomza/go-docx/breaks.go:41.63,42.14 1 1
github.com/falcomza/go-docx/breaks.go:42.14,44.3 1 0
github.com/falcomza/go-docx/breaks.go:47.2,47.28 1 1
github.com/falcomza/go-docx/breaks.go:47.28,49.3 1 1
github.com/falcomza/go-docx/breaks.go:52.2,52.67 1 1
github.com/falcomza/go-docx/breaks.go:52.67,54.3 1 0
github.com/falcomza/go-docx/breaks.go:57.2,62.16 4 1
github.com/falcomza/go-docx/breaks.go:62.16,64.3 1 0
github.com/falcomza/go-docx/breaks.go:67.2,68.16 2 1
github.com/falcomza/go-docx/breaks.go:68.16,70.3 1 0
github.com/falcomza/go-docx/breaks.go:73.2,73.62 1 1
github.com/falcomza/go-docx/breaks.go:73.62,75.3 1 0
github.com/falcomza/go-docx/breaks.go:77.2,77.12 1 1
github.com/falcomza/go-docx/breaks.go:82.36,85.2 1 1
github.com/falcomza/go-docx/breaks.go:89.96,100.23 6 1
github.com/falcomza/go-docx/breaks.go:100.23,102.3 1 1
github.com/falcomza/go-docx/breaks.go:105.2,106.52 2 1
github.com/falcomza/go-docx/breaks.go:106.52,108.3 1 1
github.com/falcomza/go-docx/breaks.go:109.2,129.20 7 1
github.com/falcomza/go-docx/breaks.go:133.65,134.19 1 1
github.com/falcomza/go-docx/breaks.go:135.95,136.13 1 1
github.com/falcomza/go-docx/breaks.go:137.10,138.65 1 1
github.com/falcomza/go-docx/breaks.go:143.92,145.23 1 1
github.com/falcomza/go-docx/breaks.go:146.25,147.42 1 1
github.com/falcomza/go-docx/breaks.go:149.19,150.40 1 1
github.com/falcomza/go-docx/breaks.go:152.25,153.24 1 1
github.com/falcomza/go-docx/breaks.go:153.24,155.4 1 1
github.com/falcomza/go-docx/breaks.go:156.3,156.53 1 1
github.com/falcomza/go-docx/breaks.go:158.26,159.24 1 1
github.com/falcomza/go-docx/breaks.go:159.24,161.4 1 1
github.com/falcomza/go-docx/breaks.go:162.3,162.54 1 1
github.com/falcomza/go-docx/breaks.go:164.10,165.64 1 1
github.com/falcomza/go-docx/breaks.go:170.89,173.15 3 1
github.com/falcomza/go-docx/breaks.go:173.15,175.3 1 1
github.com/falcomza/go-docx/breaks.go:178.2,180.18 3 1
github.com/falcomza/go-docx/breaks.go:180.18,182.3 1 0
github.com/falcomza/go-docx/breaks.go:183.2,189.20 6 1
github.com/falcomza/go-docx/breaks.go:193.90,196.9 3 1
github.com/falcomza/go-docx/breaks.go:196.9,198.3 1 1
github.com/falcomza/go-docx/breaks.go:201.2,204.20 3 1
github.com/falcomza/go-docx/breaks.go:204.20,208.21 3 1
github.com/falcomza/go-docx/breaks.go:208.21,210.4 1 0
github.com/falcomza/go-docx/breaks.go:213.2,217.20 5 1
github.com/falcomza/go-docx/breaks.go:222.69,223.14 1 1
github.com/falcomza/go-docx/breaks.go:223.14,225.3 1 0
github.com/falcomza/go-docx/breaks.go:228.2,230.16 3 1
github.com/falcomza/go-docx/breaks.go:230.16,232.3 1 0
github.com/falcomza/go-docx/breaks.go:234.2,242.6 6 1
github.com/falcomza/go-docx/breaks.go:242.6,244.16 2 1
github.com/falcomza/go-docx/breaks.go:244.16,245.9 1 1
github.com/falcomza/go-docx/breaks.go:247.3,248.26 2 0
github.com/falcomza/go-docx/breaks.go:251.2,251.19 1 1
github.com/falcomza/go-docx/breaks.go:251.19,255.20 3 1
github.com/falcomza/go-docx/breaks.go:255.20,257.4 1 0
github.com/falcomza/go-docx/breaks.go:260.3,261.62 2 1
github.com/falcomza/go-docx/breaks.go:262.8,265.19 2 0
github.com/falcomza/go-docx/breaks.go:265.19,267.4 1 0
github.com/falcomza/go-docx/breaks.go:268.3,272.61 3 0
github.com/falcomza/go-docx/breaks.go:276.2,276.70 1 1
github.com/falcomza/go-docx/breaks.go:276.70,278.3 1 0
github.com/falcomza/go-docx/breaks.go:280.2,280.12 1 1
github.com/falcomza/go-docx/breaks.go:284.72,291.52 4 1
github.com/falcomza/go-docx/breaks.go:291.52,293.3 1 1
github.com/falcomza/go-docx/breaks.go:294.2,312.21 5 1
github.com/falcomza/go-docx/caption.go:52.68,55.33 2 1
github.com/falcomza/go-docx/caption.go:55.33,57.3 1 1
github.com/falcomza/go-docx/caption.go:59.2,65.3 1 1
github.com/falcomza/go-docx/caption.go:70.53,80.17 5 1
github.com/falcomza/go-docx/caption.go:80.17,82.3 1 1
github.com/falcomza/go-docx/caption.go:83.2,86.26 2 1
github.com/falcomza/go-docx/caption.go:86.26,88.25 2 1
github.com/falcomza/go-docx/caption.go:89.24,90.24 1 1
github.com/falcomza/go-docx/caption.go:91.23,92.23 1 0
github.com/falcomza/go-docx/caption.go:94.3,94.64 1 1
github.com/falcomza/go-docx/caption.go:97.2,107.21 7 1
github.com/falcomza/go-docx/caption.go:107.21,111.3 1 1
github.com/falcomza/go-docx/caption.go:111.8,111.34 1 1
github.com/falcomza/go-docx/caption.go:111.34,118.3 5 1
github.com/falcomza/go-docx/caption.go:121.2,121.28 1 1
github.com/falcomza/go-docx/caption.go:121.28,131.3 8 1
github.com/falcomza/go-docx/caption.go:133.2,135.20 2 1
github.com/falcomza/go-docx/caption.go:141.58,163.2 9 1
github.com/falcomza/go-docx/caption.go:167.95,170.31 2 1
github.com/falcomza/go-docx/caption.go:170.31,174.3 2 1
github.com/falcomza/go-docx/caption.go:174.8,178.3 2 1
github.com/falcomza/go-docx/caption.go:180.2,180.20 1 1
github.com/falcomza/go-docx/caption.go:184.57,185.17 1 1
github.com/falcomza/go-docx/caption.go:185.17,187.3 1 1
github.com/falcomza/go-docx/caption.go:190.2,190.61 1 1
github.com/falcomza/go-docx/caption.go:190.61,192.3 1 1
github.com/falcomza/go-docx/caption.go:195.2,195.92 1 1
github.com/falcomza/go-docx/caption.go:195.92,197.3 1 1
github.com/falcomza/go-docx/caption.go:200.2,200.25 1 1
github.com/falcomza/go-docx/caption.go:200.25,201.32 1 1
github.com/falcomza/go-docx/caption.go:201.32,203.4 1 1
github.com/falcomza/go-docx/caption.go:203.9,205.4 1 1
github.com/falcomza/go-docx/caption.go:209.2,209.33 1 1
github.com/falcomza/go-docx/caption.go:209.33,211.3 1 1
github.com/falcomza/go-docx/caption.go:213.2,213.12 1 1
github.com/falcomza/go-docx/caption.go:218.52,224.21 4 1
github.com/falcomza/go-docx/caption.go:224.21,226.3 1 1
github.com/falcomza/go-docx/caption.go:226.8,226.34 1 1
github.com/falcomza/go-docx/caption.go:226.34,228.3 1 1
github.com/falcomza/go-docx/caption.go:230.2,230.28 1 1
github.com/falcomza/go-docx/caption.go:230.28,233.3 2 1
github.com/falcomza/go-docx/caption.go:235.2,235.21 1 1
github.com/falcomza/go-docx/chart.go:74.56,75.14 1 1
github.com/falcomza/go-docx/chart.go:75.14,77.3 1 0
github.com/falcomza/go-docx/chart.go:80.2,80.51 1 1
github.com/falcomza/go-docx/chart.go:80.51,82.3 1 1
github.com/falcomza/go-docx/chart.go:85.2,92.58 4 1
github.com/falcomza/go-docx/chart.go:92.58,94.3 1 0
github.com/falcomza/go-docx/chart.go:97.2,98.69 2 1
github.com/falcomza/go-docx/chart.go:98.69,100.3 1 0
github.com/falcomza/go-docx/chart.go:103.2,104.80 2 1
github.com/falcomza/go-docx/chart.go:104.80,106.3 1 0
github.com/falcomza/go-docx/chart.go:109.2,110.16 2 1
github.com/falcomza/go-docx/chart.go:110.16,112.3 1 0
github.com/falcomza/go-docx/chart.go:115.2,115.70 1 1
github.com/falcomza/go-docx/chart.go:115.70,117.3 1 0
github.com/falcomza/go-docx/chart.go:120.2,120.61 1 1
github.com/falcomza/go-docx/chart.go:120.61,122.3 1 0
github.com/falcomza/go-docx/chart.go:124.2,124.12 1 1
github.com/falcomza/go-docx/chart.go:128.52,129.31 1 1
github.com/falcomza/go-docx/chart.go:129.31,131.3 1 1
github.com/falcomza/go-docx/chart.go:132.2,132.27 1 1
github.com/falcomza/go-docx/chart.go:132.27,134.3 1 1
github.com/falcomza/go-docx/chart.go:137.2,137.37 1 1
github.com/falcomza/go-docx/chart.go:137.37,138.43 1 1
github.com/falcomza/go-docx/chart.go:138.43,140.4 1 1
github.com/falcomza/go-docx/chart.go:141.3,141.49 1 1
github.com/falcomza/go-docx/chart.go:141.49,143.4 1 1
github.com/falcomza/go-docx/chart.go:147.2,147.30 1 1
github.com/falcomza/go-docx/chart.go:147.30,148.80 1 0
github.com/falcomza/go-docx/chart.go:148.80,150.4 1 0
github.com/falcomza/go-docx/chart.go:152.2,152.27 1 1
github.com/falcomza/go-docx/chart.go:152.27,153.74 1 1
github.com/falcomza/go-docx/chart.go:153.74,155.4 1 1
github.com/falcomza/go-docx/chart.go:159.2,159.33 1 1
github.com/falcomza/go-docx/chart.go:159.33,160.79 1 1
github.com/falcomza/go-docx/chart.go:160.79,162.4 1 1
github.com/falcomza/go-docx/chart.go:163.3,163.80 1 1
github.com/falcomza/go-docx/chart.go:163.80,165.4 1 1
github.com/falcomza/go-docx/chart.go:168.2,168.12 1 1
github.com/falcomza/go-docx/chart.go:172.64,173.66 1 1
github.com/falcomza/go-docx/chart.go:173.66,175.3 1 1
github.com/falcomza/go-docx/chart.go:176.2,176.51 1 1
github.com/falcomza/go-docx/chart.go:176.51,178.3 1 1
github.com/falcomza/go-docx/chart.go:179.2,179.51 1 1
github.com/falcomza/go-docx/chart.go:179.51,181.3 1 1
github.com/falcomza/go-docx/chart.go:182.2,182.90 1 1
github.com/falcomza/go-docx/chart.go:182.90,184.3 1 1
github.com/falcomza/go-docx/chart.go:185.2,185.12 1 1
github.com/falcomza/go-docx/chart.go:189.57,191.26 1 1
github.com/falcomza/go-docx/chart.go:191.26,193.3 1 1
github.com/falcomza/go-docx/chart.go:194.2,194.21 1 1
github.com/falcomza/go-docx/chart.go:194.21,196.3 1 1
github.com/falcomza/go-docx/chart.go:197.2,197.22 1 1
github.com/falcomza/go-docx/chart.go:197.22,199.3 1 1
github.com/falcomza/go-docx/chart.go:202.2,202.24 1 1
github.com/falcomza/go-docx/chart.go:202.24,204.16 2 1
github.com/falcomza/go-docx/chart.go:204.16,206.4 1 1
github.com/falcomza/go-docx/chart.go:207.3,211.4 1 1
github.com/falcomza/go-docx/chart.go:215.2,215.30 1 1
github.com/falcomza/go-docx/chart.go:215.30,217.35 2 1
github.com/falcomza/go-docx/chart.go:217.35,219.4 1 1
github.com/falcomza/go-docx/chart.go:221.2,224.27 2 1
github.com/falcomza/go-docx/chart.go:224.27,226.32 2 1
github.com/falcomza/go-docx/chart.go:226.32,228.4 1 1
github.com/falcomza/go-docx/chart.go:230.2,233.28 2 1
github.com/falcomza/go-docx/chart.go:233.28,235.3 1 1
github.com/falcomza/go-docx/chart.go:236.2,236.32 1 1
github.com/falcomza/go-docx/chart.go:236.32,238.3 1 1
github.com/falcomza/go-docx/chart.go:239.2,239.36 1 1
github.com/falcomza/go-docx/chart.go:239.36,241.3 1 1
github.com/falcomza/go-docx/chart.go:242.2,242.43 1 1
github.com/falcomza/go-docx/chart.go:242.43,244.3 1 1
github.com/falcomza/go-docx/chart.go:245.2,248.73 2 1
github.com/falcomza/go-docx/chart.go:248.73,249.34 1 1
github.com/falcomza/go-docx/chart.go:249.34,251.4 1 1
github.com/falcomza/go-docx/chart.go:252.3,252.43 1 1
github.com/falcomza/go-docx/chart.go:252.43,253.41 1 1
github.com/falcomza/go-docx/chart.go:253.41,255.5 1 1
github.com/falcomza/go-docx/chart.go:255.10,257.5 1 0
github.com/falcomza/go-docx/chart.go:259.3,259.42 1 1
github.com/falcomza/go-docx/chart.go:259.42,261.4 1 1
github.com/falcomza/go-docx/chart.go:262.3,262.41 1 1
github.com/falcomza/go-docx/chart.go:262.41,264.4 1 1
github.com/falcomza/go-docx/chart.go:268.2,268.28 1 1
github.com/falcomza/go-docx/chart.go:268.28,269.37 1 1
github.com/falcomza/go-docx/chart.go:269.37,271.4 1 1
github.com/falcomza/go-docx/chart.go:274.2,274.13 1 1
github.com/falcomza/go-docx/chart.go:278.77,279.68 1 1
github.com/falcomza/go-docx/chart.go:279.68,281.3 1 0
github.com/falcomza/go-docx/chart.go:283.2,285.60 2 1
github.com/falcomza/go-docx/chart.go:285.60,287.3 1 0
github.com/falcomza/go-docx/chart.go:289.2,289.12 1 1
github.com/falcomza/go-docx/chart.go:293.49,312.31 11 1
github.com/falcomza/go-docx/chart.go:312.31,314.3 1 1
github.com/falcomza/go-docx/chart.go:316.2,319.22 2 1
github.com/falcomza/go-docx/chart.go:319.22,321.3 1 1
github.com/falcomza/go-docx/chart.go:323.2,328.24 4 1
github.com/falcomza/go-docx/chart.go:329.18,330.45 1 1
github.com/falcomza/go-docx/chart.go:331.21,332.46 1 1
github.com/falcomza/go-docx/chart.go:333.20,334.45 1 1
github.com/falcomza/go-docx/chart.go:335.21,336.46 1 1
github.com/falcomza/go-docx/chart.go:337.24,338.49 1 0
github.com/falcomza/go-docx/chart.go:339.10,340.45 1 0
github.com/falcomza/go-docx/chart.go:344.2,344.36 1 1
github.com/falcomza/go-docx/chart.go:344.36,347.3 2 1
github.com/falcomza/go-docx/chart.go:349.2,352.22 2 1
github.com/falcomza/go-docx/chart.go:352.22,354.3 1 1
github.com/falcomza/go-docx/chart.go:356.2,369.20 9 1
github.com/falcomza/go-docx/chart.go:373.52,382.37 6 1
github.com/falcomza/go-docx/chart.go:382.37,384.3 1 1
github.com/falcomza/go-docx/chart.go:387.2,387.28 1 1
github.com/falcomza/go-docx/chart.go:387.28,389.3 1 1
github.com/falcomza/go-docx/chart.go:389.8,391.3 1 1
github.com/falcomza/go-docx/chart.go:393.2,399.21 6 1
github.com/falcomza/go-docx/chart.go:403.53,411.37 5 1
github.com/falcomza/go-docx/chart.go:411.37,413.3 1 1
github.com/falcomza/go-docx/chart.go:416.2,416.28 1 1
github.com/falcomza/go-docx/chart.go:416.28,418.3 1 0
github.com/falcomza/go-docx/chart.go:418.8,420.3 1 1
github.com/falcomza/go-docx/chart.go:422.2,426.21 4 1
github.com/falcomza/go-docx/chart.go:430.52,437.37 4 1
github.com/falcomza/go-docx/chart.go:437.37,439.3 1 1
github.com/falcomza/go-docx/chart.go:442.2,442.28 1 1
github.com/falcomza/go-docx/chart.go:442.28,444.3 1 0
github.com/falcomza/go-docx/chart.go:444.8,447.3 2 1
github.com/falcomza/go-docx/chart.go:449.2,451.21 2 1
github.com/falcomza/go-docx/chart.go:455.53,463.37 5 1
github.com/falcomza/go-docx/chart.go:463.37,465.3 1 1
github.com/falcomza/go-docx/chart.go:468.2,468.28 1 1
github.com/falcomza/go-docx/chart.go:468.28,470.3 1 0
github.com/falcomza/go-docx/chart.go:470.8,472.3 1 1
github.com/falcomza/go-docx/chart.go:474.2,478.21 4 1
github.com/falcomza/go-docx/chart.go:496.56,503.55 4 1
github.com/falcomza/go-docx/chart.go:503.55,504.32 1 1
github.com/falcomza/go-docx/chart.go:504.32,506.4 1 1
github.com/falcomza/go-docx/chart.go:508.2,511.55 3 1
github.com/falcomza/go-docx/chart.go:511.55,513.3 1 1
github.com/falcomza/go-docx/chart.go:514.2,517.37 2 1
github.com/falcomza/go-docx/chart.go:517.37,519.3 1 1
github.com/falcomza/go-docx/chart.go:522.2,522.28 1 1
github.com/falcomza/go-docx/chart.go:522.28,524.3 1 1
github.com/falcomza/go-docx/chart.go:524.8,526.3 1 1
github.com/falcomza/go-docx/chart.go:528.2,532.21 4 1
github.com/falcomza/go-docx/chart.go:537.90,548.24 5 1
github.com/falcomza/go-docx/chart.go:548.24,553.3 4 1
github.com/falcomza/go-docx/chart.go:557.2,561.29 4 1
github.com/falcomza/go-docx/chart.go:561.29,566.39 3 1
github.com/falcomza/go-docx/chart.go:566.39,568.4 1 1
github.com/falcomza/go-docx/chart.go:569.8,574.71 3 1
github.com/falcomza/go-docx/chart.go:574.71,576.4 1 1
github.com/falcomza/go-docx/chart.go:578.2,584.36 4 1
github.com/falcomza/go-docx/chart.go:584.36,586.3 1 1
github.com/falcomza/go-docx/chart.go:587.2,591.55 3 1
github.com/falcomza/go-docx/chart.go:591.55,592.55 1 1
github.com/falcomza/go-docx/chart.go:592.55,594.4 1 1
github.com/falcomza/go-docx/chart.go:598.2,598.89 1 1
github.com/falcomza/go-docx/chart.go:598.89,600.3 1 1
github.com/falcomza/go-docx/chart.go:600.8,602.3 1 0
github.com/falcomza/go-docx/chart.go:605.2,605.30 1 1
github.com/falcomza/go-docx/chart.go:605.30,607.3 1 1
github.com/falcomza/go-docx/chart.go:609.2,611.21 2 1
github.com/falcomza/go-docx/chart.go:615.35,617.14 2 1
github.com/falcomza/go-docx/chart.go:617.14,621.3 3 1
github.com/falcomza/go-docx/chart.go:622.2,622.15 1 1
github.com/falcomza/go-docx/chart.go:626.88,627.71 1 1
github.com/falcomza/go-docx/chart.go:627.71,629.3 1 0
github.com/falcomza/go-docx/chart.go:632.2,633.16 2 1
github.com/falcomza/go-docx/chart.go:633.16,635.3 1 0
github.com/falcomza/go-docx/chart.go:636.2,642.101 4 1
github.com/falcomza/go-docx/chart.go:642.101,644.3 1 0
github.com/falcomza/go-docx/chart.go:647.2,647.85 1 1
github.com/falcomza/go-docx/chart.go:647.85,649.3 1 0
github.com/falcomza/go-docx/chart.go:652.2,652.88 1 1
github.com/falcomza/go-docx/chart.go:652.88,654.3 1 0
github.com/falcomza/go-docx/chart.go:657.2,657.103 1 1
github.com/falcomza/go-docx/chart.go:657.103,659.3 1 0
github.com/falcomza/go-docx/chart.go:662.2,662.98 1 1
github.com/falcomza/go-docx/chart.go:662.98,664.3 1 0
github.com/falcomza/go-docx/chart.go:667.2,667.84 1 1
github.com/falcomza/go-docx/chart.go:667.84,669.3 1 0
github.com/falcomza/go-docx/chart.go:671.2,671.12 1 1
github.com/falcomza/go-docx/chart.go:675.75,677.16 2 1
github.com/falcomza/go-docx/chart.go:677.16,679.3 1 0
github.com/falcomza/go-docx/chart.go:680.2,680.49 1 1
github.com/falcomza/go-docx/chart.go:680.49,682.3 1 0
github.com/falcomza/go-docx/chart.go:683.2,683.12 1 1
github.com/falcomza/go-docx/chart.go:687.44,696.2 1 1
github.com/falcomza/go-docx/chart.go:699.36,704.2 1 1
github.com/falcomza/go-docx/chart.go:707.35,714.2 1 1
github.com/falcomza/go-docx/chart.go:717.39,723.2 1 1
github.com/falcomza/go-docx/chart.go:726.49,739.16 6 1
github.com/falcomza/go-docx/chart.go:739.16,741.3 1 1
github.com/falcomza/go-docx/chart.go:742.2,742.37 1 1
github.com/falcomza/go-docx/chart.go:742.37,745.3 2 1
github.com/falcomza/go-docx/chart.go:746.2,749.43 2 1
github.com/falcomza/go-docx/chart.go:749.43,757.52 4 1
github.com/falcomza/go-docx/chart.go:757.52,759.4 1 1
github.com/falcomza/go-docx/chart.go:762.3,762.30 1 1
github.com/falcomza/go-docx/chart.go:762.30,764.38 2 1
github.com/falcomza/go-docx/chart.go:764.38,766.5 1 1
github.com/falcomza/go-docx/chart.go:769.3,769.28 1 1
github.com/falcomza/go-docx/chart.go:772.2,775.20 2 1
github.com/falcomza/go-docx/chart.go:779.33,797.2 1 1
github.com/falcomza/go-docx/chart.go:800.81,801.67 1 1
github.com/falcomza/go-docx/chart.go:801.67,803.3 1 0
github.com/falcomza/go-docx/chart.go:806.2,808.16 3 1
github.com/falcomza/go-docx/chart.go:808.16,810.3 1 0
github.com/falcomza/go-docx/chart.go:813.2,820.67 3 1
github.com/falcomza/go-docx/chart.go:820.67,822.3 1 0
github.com/falcomza/go-docx/chart.go:824.2,824.12 1 1
github.com/falcomza/go-docx/chart.go:828.93,831.16 3 1
github.com/falcomza/go-docx/chart.go:831.16,833.3 1 0
github.com/falcomza/go-docx/chart.go:836.2,837.16 2 1
github.com/falcomza/go-docx/chart.go:837.16,839.3 1 0
github.com/falcomza/go-docx/chart.go:842.2,843.25 2 1
github.com/falcomza/go-docx/chart.go:843.25,845.62 1 1
github.com/falcomza/go-docx/chart.go:845.62,847.4 1 0
github.com/falcomza/go-docx/chart.go:850.3,850.30 1 1
github.com/falcomza/go-docx/chart.go:850.30,852.4 1 0
github.com/falcomza/go-docx/chart.go:855.3,858.92 2 1
github.com/falcomza/go-docx/chart.go:862.2,863.23 2 1
github.com/falcomza/go-docx/chart.go:864.25,865.57 1 1
github.com/falcomza/go-docx/chart.go:866.19,867.55 1 1
github.com/falcomza/go-docx/chart.go:868.25,869.24 1 0
github.com/falcomza/go-docx/chart.go:869.24,871.4 1 0
github.com/falcomza/go-docx/chart.go:872.3,872.68 1 0
github.com/falcomza/go-docx/chart.go:873.26,874.24 1 0
github.com/falcomza/go-docx/chart.go:874.24,876.4 1 0
github.com/falcomza/go-docx/chart.go:877.3,877.69 1 0
github.com/falcomza/go-docx/chart.go:878.10,879.47 1 0
github.com/falcomza/go-docx/chart.go:882.2,882.16 1 1
github.com/falcomza/go-docx/chart.go:882.16,884.3 1 0
github.com/falcomza/go-docx/chart.go:886.2,886.62 1 1
github.com/falcomza/go-docx/chart.go:886.62,888.3 1 0
github.com/falcomza/go-docx/chart.go:890.2,890.12 1 1
github.com/falcomza/go-docx/chart.go:894.113,897.16 2 1
github.com/falcomza/go-docx/chart.go:897.16,899.3 1 0
github.com/falcomza/go-docx/chart.go:902.2,907.101 4 1
github.com/falcomza/go-docx/chart.go:911.77,912.17 1 1
github.com/falcomza/go-docx/chart.go:912.17,914.3 1 1
github.com/falcomza/go-docx/chart.go:916.2,918.25 2 1
github.com/falcomza/go-docx/chart.go:918.25,919.21 1 1
github.com/falcomza/go-docx/chart.go:919.21,921.4 1 1
github.com/falcomza/go-docx/chart.go:921.9,923.4 1 1
github.com/falcomza/go-docx/chart.go:926.2,926.30 1 1
github.com/falcomza/go-docx/chart.go:926.30,928.3 1 1
github.com/falcomza/go-docx/chart.go:929.2,929.30 1 1
github.com/falcomza/go-docx/chart.go:929.30,931.3 1 1
github.com/falcomza/go-docx/chart.go:932.2,932.29 1 1
github.com/falcomza/go-docx/chart.go:932.29,934.3 1 1
github.com/falcomza/go-docx/chart.go:935.2,935.29 1 1
github.com/falcomza/go-docx/chart.go:935.29,937.3 1 1
github.com/falcomza/go-docx/chart.go:940.2,940.21 1 1
github.com/falcomza/go-docx/chart.go:940.21,942.3 1 1
github.com/falcomza/go-docx/chart.go:944.2,944.13 1 1
github.com/falcomza/go-docx/chart.go:948.58,967.2 18 1
github.com/falcomza/go-docx/chart.go:970.54,978.2 7 1
github.com/falcomza/go-docx/chart.go:981.83,992.51 5 1
github.com/falcomza/go-docx/chart.go:992.51,994.25 2 1
github.com/falcomza/go-docx/chart.go:994.25,997.4 2 1
github.com/falcomza/go-docx/chart.go:998.3,998.31 1 1
github.com/falcomza/go-docx/chart.go:1002.2,1002.29 1 1
github.com/falcomza/go-docx/chart.go:1002.29,1004.3 1 1
github.com/falcomza/go-docx/chart.go:1007.2,1009.38 3 1
github.com/falcomza/go-docx/chart.go:1009.38,1011.3 1 1
github.com/falcomza/go-docx/chart.go:1012.2,1019.36 5 1
github.com/falcomza/go-docx/chart.go:1019.36,1021.3 1 1
github.com/falcomza/go-docx/chart.go:1022.2,1025.37 2 1
github.com/falcomza/go-docx/chart.go:1025.37,1026.20 1 1
github.com/falcomza/go-docx/chart.go:1026.20,1028.4 1 1
github.com/falcomza/go-docx/chart.go:1029.3,1029.25 1 1
github.com/falcomza/go-docx/chart.go:1029.25,1031.4 1 1
github.com/falcomza/go-docx/chart.go:1031.9,1033.4 1 1
github.com/falcomza/go-docx/chart.go:1037.2,1037.30 1 1
github.com/falcomza/go-docx/chart.go:1037.30,1039.3 1 0
github.com/falcomza/go-docx/chart.go:1041.2,1043.21 2 1
github.com/falcomza/go-docx/chart.go:1047.61,1056.27 9 1
github.com/falcomza/go-docx/chart.go:1056.27,1058.3 1 1
github.com/falcomza/go-docx/chart.go:1059.2,1059.28 1 1
github.com/falcomza/go-docx/chart.go:1059.28,1061.3 1 1
github.com/falcomza/go-docx/chart.go:1062.2,1063.21 2 1
github.com/falcomza/go-docx/chart.go:1067.56,1075.21 5 1
github.com/falcomza/go-docx/chart.go:1075.21,1077.3 1 1
github.com/falcomza/go-docx/chart.go:1078.2,1078.21 1 1
github.com/falcomza/go-docx/chart.go:1078.21,1080.3 1 1
github.com/falcomza/go-docx/chart.go:1081.2,1088.25 5 1
github.com/falcomza/go-docx/chart.go:1088.25,1090.3 1 1
github.com/falcomza/go-docx/chart.go:1093.2,1093.22 1 1
github.com/falcomza/go-docx/chart.go:1093.22,1095.3 1 1
github.com/falcomza/go-docx/chart.go:1097.2,1104.27 6 1
github.com/falcomza/go-docx/chart.go:1104.27,1106.3 1 1
github.com/falcomza/go-docx/chart.go:1106.8,1108.3 1 1
github.com/falcomza/go-docx/chart.go:1110.2,1115.25 4 1
github.com/falcomza/go-docx/chart.go:1115.25,1117.3 1 1
github.com/falcomza/go-docx/chart.go:1119.2,1121.21 2 1
github.com/falcomza/go-docx/chart.go:1125.53,1133.21 5 1
github.com/falcomza/go-docx/chart.go:1133.21,1135.3 1 1
github.com/falcomza/go-docx/chart.go:1136.2,1136.21 1 1
github.com/falcomza/go-docx/chart.go:1136.21,1138.3 1 1
github.com/falcomza/go-docx/chart.go:1139.2,1146.25 5 1
github.com/falcomza/go-docx/chart.go:1146.25,1148.3 1 1
github.com/falcomza/go-docx/chart.go:1151.2,1151.22 1 1
github.com/falcomza/go-docx/chart.go:1151.22,1153.3 1 1
github.com/falcomza/go-docx/chart.go:1155.2,1157.27 2 1
github.com/falcomza/go-docx/chart.go:1157.27,1159.3 1 1
github.com/falcomza/go-docx/chart.go:1160.2,1160.27 1 1
github.com/falcomza/go-docx/chart.go:1160.27,1162.3 1 1
github.com/falcomza/go-docx/chart.go:1164.2,1170.27 5 1
github.com/falcomza/go-docx/chart.go:1170.27,1172.3 1 0
github.com/falcomza/go-docx/chart.go:1172.8,1174.3 1 1
github.com/falcomza/go-docx/chart.go:1176.2,1179.25 2 1
github.com/falcomza/go-docx/chart.go:1179.25,1181.3 1 1
github.com/falcomza/go-docx/chart.go:1183.2,1185.21 2 1
github.com/falcomza/go-docx/chart.go:1189.62,1202.2 12 1
github.com/falcomza/go-docx/chart.go:1205.28,1206.7 1 1
github.com/falcomza/go-docx/chart.go:1206.7,1208.3 1 1
github.com/falcomza/go-docx/chart.go:1209.2,1209.10 1 1
github.com/falcomza/go-docx/chart.go:1213.44,1216.16 3 1
github.com/falcomza/go-docx/chart.go:1216.16,1218.3 1 1
github.com/falcomza/go-docx/chart.go:1220.2,1221.32 2 1
github.com/falcomza/go-docx/chart.go:1221.32,1222.83 1 1
github.com/falcomza/go-docx/chart.go:1222.83,1224.18 2 1
github.com/falcomza/go-docx/chart.go:1224.18,1225.13 1 0
github.com/falcomza/go-docx/chart.go:1227.4,1227.22 1 1
github.com/falcomza/go-docx/chart.go:1227.22,1229.5 1 1
github.com/falcomza/go-docx/chart.go:1233.2,1233.21 1 1
github.com/falcomza/go-docx/chart.go:1237.72,1240.16 3 1
github.com/falcomza/go-docx/chart.go:1240.16,1242.3 1 0
github.com/falcomza/go-docx/chart.go:1244.2,1245.16 2 1
github.com/falcomza/go-docx/chart.go:1245.16,1247.3 1 0
github.com/falcomza/go-docx/chart.go:1249.2,1252.15 4 1
github.com/falcomza/go-docx/chart.go:1252.15,1254.3 1 0
github.com/falcomza/go-docx/chart.go:1255.2,1260.62 5 1
github.com/falcomza/go-docx/chart.go:1260.62,1262.3 1 0
github.com/falcomza/go-docx/chart.go:1263.2,1263.23 1 1
github.com/falcomza/go-docx/chart.go:1267.64,1270.16 3 1
github.com/falcomza/go-docx/chart.go:1270.16,1272.3 1 0
github.com/falcomza/go-docx/chart.go:1274.2,1275.44 2 1
github.com/falcomza/go-docx/chart.go:1275.44,1277.3 1 0
github.com/falcomza/go-docx/chart.go:1279.2,1282.15 4 1
github.com/falcomza/go-docx/chart.go:1282.15,1284.3 1 0
github.com/falcomza/go-docx/chart.go:1285.2,1289.54 5 1
github.com/falcomza/go-docx/chart_read.go:13.67,14.14 1 1
github.com/falcomza/go-docx/chart_read.go:14.14,16.3 1 0
github.com/falcomza/go-docx/chart_read.go:17.2,17.20 1 1
github.com/falcomza/go-docx/chart_read.go:17.20,19.3 1 1
github.com/falcomza/go-docx/chart_read.go:20.2,22.16 3 1
github.com/falcomza/go-docx/chart_read.go:22.16,24.3 1 1
github.com/falcomza/go-docx/chart_read.go:25.2,25.35 1 1
github.com/falcomza/go-docx/chart_read.go:28.59,31.46 2 1
github.com/falcomza/go-docx/chart_read.go:31.46,33.3 1 0
github.com/falcomza/go-docx/chart_read.go:35.2,37.31 2 1
github.com/falcomza/go-docx/chart_read.go:37.31,39.3 1 1
github.com/falcomza/go-docx/chart_read.go:41.2,49.22 4 1
github.com/falcomza/go-docx/chart_read.go:49.22,50.56 1 0
github.com/falcomza/go-docx/chart_read.go:50.56,52.4 1 0
github.com/falcomza/go-docx/chart_read.go:56.2,58.34 3 1
github.com/falcomza/go-docx/chart_read.go:58.34,62.3 3 1
github.com/falcomza/go-docx/chart_read.go:64.2,64.18 1 1
github.com/falcomza/go-docx/chart_read.go:68.84,70.22 2 1
github.com/falcomza/go-docx/chart_read.go:70.22,72.3 1 1
github.com/falcomza/go-docx/chart_read.go:73.2,73.18 1 0
github.com/falcomza/go-docx/chart_read.go:78.82,81.6 3 1
github.com/falcomza/go-docx/chart_read.go:81.6,85.10 4 1
github.com/falcomza/go-docx/chart_read.go:86.38,87.27 1 0
github.com/falcomza/go-docx/chart_read.go:87.27,89.5 1 0
github.com/falcomza/go-docx/chart_read.go:89.10,91.5 1 0
github.com/falcomza/go-docx/chart_read.go:92.22,93.18 1 1
github.com/falcomza/go-docx/chart_read.go:94.21,95.17 1 0
github.com/falcomza/go-docx/chart_read.go:96.11,97.17 1 1
github.com/falcomza/go-docx/chart_read.go:99.3,100.19 2 1
github.com/falcomza/go-docx/chart_read.go:100.19,102.4 1 0
github.com/falcomza/go-docx/chart_read.go:103.3,105.30 3 1
github.com/falcomza/go-docx/chart_read.go:109.90,112.15 3 1
github.com/falcomza/go-docx/chart_read.go:112.15,114.3 1 0
github.com/falcomza/go-docx/chart_read.go:115.2,116.52 2 1
github.com/falcomza/go-docx/chart_read.go:116.52,118.3 1 1
github.com/falcomza/go-docx/chart_read.go:119.2,119.11 1 0
github.com/falcomza/go-docx/chart_read.go:122.105,123.25 1 1
github.com/falcomza/go-docx/chart_read.go:123.25,125.3 1 0
github.com/falcomza/go-docx/chart_read.go:126.2,130.32 5 1
github.com/falcomza/go-docx/chart_read.go:130.32,132.3 1 0
github.com/falcomza/go-docx/chart_read.go:133.2,136.28 4 1
github.com/falcomza/go-docx/chart_read.go:136.28,138.3 1 1
github.com/falcomza/go-docx/chart_read.go:139.2,139.13 1 1
github.com/falcomza/go-docx/chart_read.go:142.106,147.32 5 1
github.com/falcomza/go-docx/chart_read.go:147.32,149.3 1 0
github.com/falcomza/go-docx/chart_read.go:150.2,153.28 4 1
github.com/falcomza/go-docx/chart_read.go:153.28,156.3 2 1
github.com/falcomza/go-docx/chart_read.go:157.2,157.26 1 1
github.com/falcomza/go-docx/chart_read.go:157.26,159.3 1 0
github.com/falcomza/go-docx/chart_read.go:160.2,160.38 1 1
github.com/falcomza/go-docx/chart_read.go:160.38,162.3 1 0
github.com/falcomza/go-docx/chart_read.go:163.2,163.15 1 1
github.com/falcomza/go-docx/chart_updater.go:24.45,25.20 1 1
github.com/falcomza/go-docx/chart_updater.go:25.20,27.3 1 0
github.com/falcomza/go-docx/chart_updater.go:28.2,28.45 1 1
github.com/falcomza/go-docx/chart_updater.go:28.45,30.3 1 0
github.com/falcomza/go-docx/chart_updater.go:32.2,33.16 2 1
github.com/falcomza/go-docx/chart_updater.go:33.16,35.3 1 0
github.com/falcomza/go-docx/chart_updater.go:37.2,37.54 1 1
github.com/falcomza/go-docx/chart_updater.go:37.54,38.51 1 0
github.com/falcomza/go-docx/chart_updater.go:38.51,40.4 1 0
github.com/falcomza/go-docx/chart_updater.go:41.3,41.50 1 0
github.com/falcomza/go-docx/chart_updater.go:44.2,47.46 2 1
github.com/falcomza/go-docx/chart_updater.go:47.46,50.3 2 0
github.com/falcomza/go-docx/chart_updater.go:52.2,52.15 1 1
github.com/falcomza/go-docx/chart_updater.go:56.36,58.2 1 1
github.com/falcomza/go-docx/chart_updater.go:62.48,63.14 1 1
github.com/falcomza/go-docx/chart_updater.go:63.14,65.3 1 0
github.com/falcomza/go-docx/chart_updater.go:66.2,68.16 3 1
github.com/falcomza/go-docx/chart_updater.go:68.16,69.25 1 1
github.com/falcomza/go-docx/chart_updater.go:69.25,71.4 1 1
github.com/falcomza/go-docx/chart_updater.go:72.3,72.51 1 0
github.com/falcomza/go-docx/chart_updater.go:74.2,75.28 2 1
github.com/falcomza/go-docx/chart_updater.go:75.28,77.88 2 1
github.com/falcomza/go-docx/chart_updater.go:77.88,79.4 1 1
github.com/falcomza/go-docx/chart_updater.go:81.2,81.19 1 1
github.com/falcomza/go-docx/chart_updater.go:85.35,86.33 1 1
github.com/falcomza/go-docx/chart_updater.go:86.33,88.3 1 0
github.com/falcomza/go-docx/chart_updater.go:89.2,90.27 2 1
github.com/falcomza/go-docx/chart_updater.go:90.27,91.81 1 1
github.com/falcomza/go-docx/chart_updater.go:91.81,92.18 1 0
github.com/falcomza/go-docx/chart_updater.go:92.18,94.5 1 0
github.com/falcomza/go-docx/chart_updater.go:97.2,97.12 1 1
github.com/falcomza/go-docx/chart_updater.go:101.69,102.14 1 1
github.com/falcomza/go-docx/chart_updater.go:102.14,104.3 1 0
github.com/falcomza/go-docx/chart_updater.go:105.2,105.20 1 1
github.com/falcomza/go-docx/chart_updater.go:105.20,107.3 1 0
github.com/falcomza/go-docx/chart_updater.go:108.2,108.48 1 1
github.com/falcomza/go-docx/chart_updater.go:108.48,110.3 1 1
github.com/falcomza/go-docx/chart_updater.go:112.2,113.46 2 1
github.com/falcomza/go-docx/chart_updater.go:113.46,115.3 1 0
github.com/falcomza/go-docx/chart_updater.go:117.2,117.56 1 1
github.com/falcomza/go-docx/chart_updater.go:117.56,119.3 1 0
github.com/falcomza/go-docx/chart_updater.go:121.2,122.16 2 1
github.com/falcomza/go-docx/chart_updater.go:122.16,124.3 1 0
github.com/falcomza/go-docx/chart_updater.go:125.2,125.63 1 1
github.com/falcomza/go-docx/chart_updater.go:125.63,127.3 1 0
github.com/falcomza/go-docx/chart_updater.go:129.2,129.12 1 1
github.com/falcomza/go-docx/chart_updater.go:134.51,135.14 1 1
github.com/falcomza/go-docx/chart_updater.go:135.14,137.3 1 1
github.com/falcomza/go-docx/chart_updater.go:139.2,140.16 2 1
github.com/falcomza/go-docx/chart_updater.go:140.16,142.3 1 0
github.com/falcomza/go-docx/chart_updater.go:143.2,145.47 2 1
github.com/falcomza/go-docx/chart_updater.go:145.47,149.3 3 0
github.com/falcomza/go-docx/chart_updater.go:150.2,150.40 1 1
github.com/falcomza/go-docx/chart_updater.go:150.40,153.3 2 0
github.com/falcomza/go-docx/chart_updater.go:155.2,156.16 2 1
github.com/falcomza/go-docx/chart_updater.go:156.16,159.3 2 0
github.com/falcomza/go-docx/chart_updater.go:161.2,162.15 2 1
github.com/falcomza/go-docx/chart_updater.go:166.51,167.14 1 1
github.com/falcomza/go-docx/chart_updater.go:167.14,169.3 1 1
github.com/falcomza/go-docx/chart_updater.go:170.2,170.14 1 1
github.com/falcomza/go-docx/chart_updater.go:170.14,172.3 1 1
github.com/falcomza/go-docx/chart_updater.go:173.2,173.38 1 1
github.com/falcomza/go-docx/chart_updater.go:177.49,178.14 1 1
github.com/falcomza/go-docx/chart_updater.go:178.14,180.3 1 0
github.com/falcomza/go-docx/chart_updater.go:181.2,181.22 1 1
github.com/falcomza/go-docx/chart_updater.go:181.22,183.3 1 0
github.com/falcomza/go-docx/chart_updater.go:184.2,184.69 1 1
github.com/falcomza/go-docx/chart_updater.go:184.69,186.3 1 0
github.com/falcomza/go-docx/chart_updater.go:187.2,187.64 1 1
github.com/falcomza/go-docx/chart_updater.go:187.64,189.3 1 0
github.com/falcomza/go-docx/chart_updater.go:190.2,190.12 1 1
github.com/falcomza/go-docx/chart_updater.go:193.46,194.31 1 1
github.com/falcomza/go-docx/chart_updater.go:194.31,196.3 1 0
github.com/falcomza/go-docx/chart_updater.go:197.2,197.27 1 1
github.com/falcomza/go-docx/chart_updater.go:197.27,199.3 1 0
github.com/falcomza/go-docx/chart_updater.go:200.2,200.32 1 1
github.com/falcomza/go-docx/chart_updater.go:200.32,201.38 1 1
github.com/falcomza/go-docx/chart_updater.go:201.38,203.4 1 0
github.com/falcomza/go-docx/chart_updater.go:204.3,204.44 1 1
github.com/falcomza/go-docx/chart_updater.go:204.44,206.4 1 1
github.com/falcomza/go-docx/chart_updater.go:208.2,208.12 1 1
github.com/falcomza/go-docx/chart_updater.go:211.76,214.16 3 1
github.com/falcomza/go-docx/chart_updater.go:214.16,216.3 1 0
github.com/falcomza/go-docx/chart_updater.go:218.2,219.17 2 1
github.com/falcomza/go-docx/chart_updater.go:219.17,221.3 1 0
github.com/falcomza/go-docx/chart_updater.go:223.2,225.16 3 1
github.com/falcomza/go-docx/chart_updater.go:225.16,227.3 1 0
github.com/falcomza/go-docx/chart_updater.go:228.2,228.18 1 1
github.com/falcomza/go-docx/chart_updater.go:228.18,230.3 1 0
github.com/falcomza/go-docx/chart_updater.go:233.2,234.53 2 1
github.com/falcomza/go-docx/chart_updater.go:234.53,236.3 1 0
github.com/falcomza/go-docx/chart_updater.go:238.2,238.22 1 1
github.com/falcomza/go-docx/chart_updater.go:241.48,246.33 4 1
github.com/falcomza/go-docx/chart_updater.go:246.33,248.18 2 1
github.com/falcomza/go-docx/chart_updater.go:248.18,249.12 1 0
github.com/falcomza/go-docx/chart_updater.go:251.3,252.16 2 1
github.com/falcomza/go-docx/chart_updater.go:252.16,253.12 1 0
github.com/falcomza/go-docx/chart_updater.go:255.3,256.8 2 1
github.com/falcomza/go-docx/chart_updater.go:258.2,258.15 1 1
github.com/falcomza/go-docx/chart_updater.go:258.15,260.3 1 0
github.com/falcomza/go-docx/chart_updater.go:262.2,263.35 2 1
github.com/falcomza/go-docx/chart_updater.go:263.35,265.20 2 1
github.com/falcomza/go-docx/chart_updater.go:265.20,266.12 1 0
github.com/falcomza/go-docx/chart_updater.go:268.3,270.21 3 1
github.com/falcomza/go-docx/chart_updater.go:270.21,271.12 1 0
github.com/falcomza/go-docx/chart_updater.go:273.3,273.47 1 1
github.com/falcomza/go-docx/chart_updater.go:275.2,275.11 1 0
github.com/falcomza/go-docx/chart_updater.go:289.78,291.16 2 1
github.com/falcomza/go-docx/chart_updater.go:291.16,293.3 1 0
github.com/falcomza/go-docx/chart_updater.go:294.2,295.50 2 1
github.com/falcomza/go-docx/chart_updater.go:295.50,297.3 1 0
github.com/falcomza/go-docx/chart_updater.go:298.2,298.41 1 1
github.com/falcomza/go-docx/chart_updater.go:298.41,299.31 1 1
github.com/falcomza/go-docx/chart_updater.go:299.31,301.4 1 1
github.com/falcomza/go-docx/chart_updater.go:303.2,303.68 1 0
github.com/falcomza/go-docx/chart_updater.go:307.45,313.32 2 1
github.com/falcomza/go-docx/chart_updater.go:313.32,315.46 2 1
github.com/falcomza/go-docx/chart_updater.go:315.46,317.4 1 0
github.com/falcomza/go-docx/chart_updater.go:319.2,319.12 1 1
github.com/falcomza/go-docx/chart_xml.go:21.66,23.33 2 1
github.com/falcomza/go-docx/chart_xml.go:23.33,25.18 2 1
github.com/falcomza/go-docx/chart_xml.go:25.18,27.4 1 1
github.com/falcomza/go-docx/chart_xml.go:28.3,29.17 2 1
github.com/falcomza/go-docx/chart_xml.go:29.17,31.4 1 1
github.com/falcomza/go-docx/chart_xml.go:32.3,32.18 1 1
github.com/falcomza/go-docx/chart_xml.go:34.2,34.20 1 1
github.com/falcomza/go-docx/chart_xml.go:140.61,142.16 2 1
github.com/falcomza/go-docx/chart_xml.go:142.16,144.3 1 0
github.com/falcomza/go-docx/chart_xml.go:148.2,149.16 2 1
github.com/falcomza/go-docx/chart_xml.go:149.16,151.3 1 0
github.com/falcomza/go-docx/chart_xml.go:154.2,156.64 2 1
github.com/falcomza/go-docx/chart_xml.go:156.64,158.3 1 0
github.com/falcomza/go-docx/chart_xml.go:160.2,160.12 1 1
github.com/falcomza/go-docx/chart_xml.go:165.60,171.15 4 1
github.com/falcomza/go-docx/chart_xml.go:171.15,173.3 1 1
github.com/falcomza/go-docx/chart_xml.go:175.2,178.48 2 1
github.com/falcomza/go-docx/chart_xml.go:178.48,180.3 1 1
github.com/falcomza/go-docx/chart_xml.go:183.2,184.23 2 1
github.com/falcomza/go-docx/chart_xml.go:188.75,195.27 3 1
github.com/falcomza/go-docx/chart_xml.go:195.27,197.3 1 0
github.com/falcomza/go-docx/chart_xml.go:200.2,200.63 1 1
github.com/falcomza/go-docx/chart_xml.go:200.63,202.3 1 0
github.com/falcomza/go-docx/chart_xml.go:205.2,207.16 3 1
github.com/falcomza/go-docx/chart_xml.go:207.16,209.3 1 0
github.com/falcomza/go-docx/chart_xml.go:211.2,211.29 1 1
github.com/falcomza/go-docx/chart_xml.go:215.51,216.43 1 1
github.com/falcomza/go-docx/chart_xml.go:216.43,218.3 1 1
github.com/falcomza/go-docx/chart_xml.go:219.2,219.11 1 1
github.com/falcomza/go-docx/chart_xml.go:223.63,226.22 2 1
github.com/falcomza/go-docx/chart_xml.go:226.22,228.3 1 1
github.com/falcomza/go-docx/chart_xml.go:230.2,231.20 2 1
github.com/falcomza/go-docx/chart_xml.go:231.20,233.3 1 0
github.com/falcomza/go-docx/chart_xml.go:236.2,238.18 3 1
github.com/falcomza/go-docx/chart_xml.go:238.18,240.3 1 0
github.com/falcomza/go-docx/chart_xml.go:242.2,243.16 2 1
github.com/falcomza/go-docx/chart_xml.go:243.16,245.3 1 0
github.com/falcomza/go-docx/chart_xml.go:248.2,251.41 3 1
github.com/falcomza/go-docx/chart_xml.go:255.76,260.20 1 1
github.com/falcomza/go-docx/chart_xml.go:260.20,262.3 1 1
github.com/falcomza/go-docx/chart_xml.go:265.2,265.20 1 1
github.com/falcomza/go-docx/chart_xml.go:265.20,267.3 1 1
github.com/falcomza/go-docx/chart_xml.go:269.2,269.16 1 1
github.com/falcomza/go-docx/chart_xml.go:273.77,275.21 2 1
github.com/falcomza/go-docx/chart_xml.go:275.21,277.3 1 1
github.com/falcomza/go-docx/chart_xml.go:279.2,280.19 2 1
github.com/falcomza/go-docx/chart_xml.go:280.19,282.3 1 0
github.com/falcomza/go-docx/chart_xml.go:284.2,288.22 3 1
github.com/falcomza/go-docx/chart_xml.go:288.22,290.3 1 1
github.com/falcomza/go-docx/chart_xml.go:292.2,293.18 2 1
github.com/falcomza/go-docx/chart_xml.go:293.18,295.3 1 0
github.com/falcomza/go-docx/chart_xml.go:297.2,298.16 2 1
github.com/falcomza/go-docx/chart_xml.go:298.16,300.3 1 0
github.com/falcomza/go-docx/chart_xml.go:303.2,307.41 4 1
github.com/falcomza/go-docx/chart_xml.go:311.89,318.32 4 1
github.com/falcomza/go-docx/chart_xml.go:318.32,320.23 2 1
github.com/falcomza/go-docx/chart_xml.go:320.23,323.22 3 1
github.com/falcomza/go-docx/chart_xml.go:323.22,325.5 1 0
github.com/falcomza/go-docx/chart_xml.go:326.4,327.9 2 1
github.com/falcomza/go-docx/chart_xml.go:331.2,331.21 1 1
github.com/falcomza/go-docx/chart_xml.go:331.21,333.3 1 0
github.com/falcomza/go-docx/chart_xml.go:335.2,339.16 3 1
github.com/falcomza/go-docx/chart_xml.go:339.16,341.3 1 0
github.com/falcomza/go-docx/chart_xml.go:344.2,344.71 1 1
github.com/falcomza/go-docx/chart_xml.go:348.107,352.23 2 1
github.com/falcomza/go-docx/chart_xml.go:352.23,354.3 1 0
github.com/falcomza/go-docx/chart_xml.go:355.2,356.33 2 1
github.com/falcomza/go-docx/chart_xml.go:356.33,358.17 2 0
github.com/falcomza/go-docx/chart_xml.go:358.17,360.4 1 0
github.com/falcomza/go-docx/chart_xml.go:361.3,361.26 1 0
github.com/falcomza/go-docx/chart_xml.go:365.2,369.37 3 1
github.com/falcomza/go-docx/chart_xml.go:369.37,371.17 2 1
github.com/falcomza/go-docx/chart_xml.go:371.17,373.4 1 0
github.com/falcomza/go-docx/chart_xml.go:374.3,374.26 1 1
github.com/falcomza/go-docx/chart_xml.go:378.2,380.26 2 1
github.com/falcomza/go-docx/chart_xml.go:384.56,389.6 4 1
github.com/falcomza/go-docx/chart_xml.go:389.6,391.16 2 1
github.com/falcomza/go-docx/chart_xml.go:391.16,392.9 1 1
github.com/falcomza/go-docx/chart_xml.go:394.3,395.33 2 1
github.com/falcomza/go-docx/chart_xml.go:398.2,398.18 1 1
github.com/falcomza/go-docx/chart_xml.go:402.140,415.33 8 1
github.com/falcomza/go-docx/chart_xml.go:415.33,420.34 5 1
github.com/falcomza/go-docx/chart_xml.go:420.34,424.4 3 1
github.com/falcomza/go-docx/chart_xml.go:425.3,427.44 3 1
github.com/falcomza/go-docx/chart_xml.go:428.8,429.31 1 0
github.com/falcomza/go-docx/chart_xml.go:429.31,431.4 1 0
github.com/falcomza/go-docx/chart_xml.go:432.3,436.38 5 0
github.com/falcomza/go-docx/chart_xml.go:436.38,440.4 3 0
github.com/falcomza/go-docx/chart_xml.go:441.3,443.45 3 0
github.com/falcomza/go-docx/chart_xml.go:447.2,448.33 2 1
github.com/falcomza/go-docx/chart_xml.go:448.33,450.3 1 0
github.com/falcomza/go-docx/chart_xml.go:452.2,456.36 5 1
github.com/falcomza/go-docx/chart_xml.go:456.36,460.3 3 1
github.com/falcomza/go-docx/chart_xml.go:461.2,466.26 5 1
github.com/falcomza/go-docx/chart_xml.go:470.66,476.31 3 1
github.com/falcomza/go-docx/chart_xml.go:476.31,480.7 3 1
github.com/falcomza/go-docx/chart_xml.go:480.7,482.17 2 1
github.com/falcomza/go-docx/chart_xml.go:482.17,483.10 1 1
github.com/falcomza/go-docx/chart_xml.go:486.4,488.20 3 1
github.com/falcomza/go-docx/chart_xml.go:488.20,491.5 2 1
github.com/falcomza/go-docx/chart_xml.go:491.10,494.21 3 0
github.com/falcomza/go-docx/chart_xml.go:494.21,497.6 2 0
github.com/falcomza/go-docx/chart_xml.go:497.11,498.11 1 0
github.com/falcomza/go-docx/chart_xml.go:504.2,504.21 1 1
github.com/falcomza/go-docx/comment.go:50.60,51.14 1 1
github.com/falcomza/go-docx/comment.go:51.14,53.3 1 1
github.com/falcomza/go-docx/comment.go:54.2,54.21 1 1
github.com/falcomza/go-docx/comment.go:54.21,56.3 1 1
github.com/falcomza/go-docx/comment.go:57.2,57.23 1 1
github.com/falcomza/go-docx/comment.go:57.23,59.3 1 1
github.com/falcomza/go-docx/comment.go:60.2,60.23 1 1
github.com/falcomza/go-docx/comment.go:60.23,62.3 1 1
github.com/falcomza/go-docx/comment.go:63.2,63.49 1 1
github.com/falcomza/go-docx/comment.go:63.49,65.3 1 1
github.com/falcomza/go-docx/comment.go:67.2,68.16 2 1
github.com/falcomza/go-docx/comment.go:68.16,70.3 1 0
github.com/falcomza/go-docx/comment.go:72.2,72.61 1 1
github.com/falcomza/go-docx/comment.go:72.61,74.3 1 0
github.com/falcomza/go-docx/comment.go:76.2,76.71 1 1
github.com/falcomza/go-docx/comment.go:76.71,78.3 1 0
github.com/falcomza/go-docx/comment.go:80.2,80.12 1 1
github.com/falcomza/go-docx/comment.go:85.52,86.14 1 1
github.com/falcomza/go-docx/comment.go:86.14,88.3 1 1
github.com/falcomza/go-docx/comment.go:90.2,92.16 3 1
github.com/falcomza/go-docx/comment.go:92.16,93.25 1 1
github.com/falcomza/go-docx/comment.go:93.25,95.4 1 1
github.com/falcomza/go-docx/comment.go:96.3,96.55 1 0
github.com/falcomza/go-docx/comment.go:99.2,99.32 1 1
github.com/falcomza/go-docx/comment.go:103.52,106.57 2 1
github.com/falcomza/go-docx/comment.go:106.57,108.68 2 1
github.com/falcomza/go-docx/comment.go:108.68,110.4 1 0
github.com/falcomza/go-docx/comment.go:112.3,112.75 1 1
github.com/falcomza/go-docx/comment.go:112.75,114.4 1 0
github.com/falcomza/go-docx/comment.go:116.3,116.74 1 1
github.com/falcomza/go-docx/comment.go:116.74,118.4 1 0
github.com/falcomza/go-docx/comment.go:120.3,120.16 1 1
github.com/falcomza/go-docx/comment.go:123.2,124.16 2 0
github.com/falcomza/go-docx/comment.go:124.16,126.3 1 0
github.com/falcomza/go-docx/comment.go:128.2,128.35 1 0
github.com/falcomza/go-docx/comment.go:132.42,143.2 8 1
github.com/falcomza/go-docx/comment.go:146.72,149.16 3 1
github.com/falcomza/go-docx/comment.go:149.16,151.3 1 0
github.com/falcomza/go-docx/comment.go:153.2,157.20 4 1
github.com/falcomza/go-docx/comment.go:157.20,159.3 1 0
github.com/falcomza/go-docx/comment.go:161.2,167.50 6 1
github.com/falcomza/go-docx/comment.go:171.63,195.2 15 1
github.com/falcomza/go-docx/comment.go:199.76,202.16 3 1
github.com/falcomza/go-docx/comment.go:202.16,204.3 1 0
github.com/falcomza/go-docx/comment.go:206.2,207.16 2 1
github.com/falcomza/go-docx/comment.go:207.16,209.3 1 0
github.com/falcomza/go-docx/comment.go:211.2,216.64 3 1
github.com/falcomza/go-docx/comment.go:216.64,218.3 1 0
github.com/falcomza/go-docx/comment.go:218.8,220.19 2 1
github.com/falcomza/go-docx/comment.go:220.19,222.4 1 0
github.com/falcomza/go-docx/comment.go:223.3,223.35 1 1
github.com/falcomza/go-docx/comment.go:225.2,242.45 11 1
github.com/falcomza/go-docx/comment.go:246.39,250.32 3 1
github.com/falcomza/go-docx/comment.go:250.32,251.21 1 1
github.com/falcomza/go-docx/comment.go:251.21,253.18 2 1
github.com/falcomza/go-docx/comment.go:253.18,254.13 1 0
github.com/falcomza/go-docx/comment.go:256.4,256.18 1 1
github.com/falcomza/go-docx/comment.go:256.18,258.5 1 1
github.com/falcomza/go-docx/comment.go:262.2,262.18 1 1
github.com/falcomza/go-docx/comment.go:266.42,272.31 4 1
github.com/falcomza/go-docx/comment.go:272.31,275.66 2 1
github.com/falcomza/go-docx/comment.go:275.66,277.4 1 1
github.com/falcomza/go-docx/comment.go:278.3,278.70 1 1
github.com/falcomza/go-docx/comment.go:278.70,280.4 1 1
github.com/falcomza/go-docx/comment.go:281.3,281.68 1 1
github.com/falcomza/go-docx/comment.go:281.68,283.4 1 1
github.com/falcomza/go-docx/comment.go:284.3,284.68 1 1
github.com/falcomza/go-docx/comment.go:284.68,286.4 1 1
github.com/falcomza/go-docx/comment.go:288.3,290.34 3 1
github.com/falcomza/go-docx/comment.go:290.34,291.19 1 1
github.com/falcomza/go-docx/comment.go:291.19,293.5 1 1
github.com/falcomza/go-docx/comment.go:295.3,297.15 2 1
github.com/falcomza/go-docx/comment.go:297.15,299.4 1 1
github.com/falcomza/go-docx/comment.go:302.2,302.17 1 1
github.com/falcomza/go-docx/delete.go:21.43,26.2 1 1
github.com/falcomza/go-docx/delete.go:30.82,31.14 1 1
github.com/falcomza/go-docx/delete.go:31.14,33.3 1 1
github.com/falcomza/go-docx/delete.go:34.2,34.16 1 1
github.com/falcomza/go-docx/delete.go:34.16,36.3 1 1
github.com/falcomza/go-docx/delete.go:38.2,40.16 3 1
github.com/falcomza/go-docx/delete.go:40.16,42.3 1 0
github.com/falcomza/go-docx/delete.go:44.2,45.16 2 1
github.com/falcomza/go-docx/delete.go:45.16,47.3 1 0
github.com/falcomza/go-docx/delete.go:49.2,49.62 1 1
github.com/falcomza/go-docx/delete.go:49.62,51.3 1 0
github.com/falcomza/go-docx/delete.go:53.2,53.19 1 1
github.com/falcomza/go-docx/delete.go:57.53,58.14 1 1
github.com/falcomza/go-docx/delete.go:58.14,60.3 1 1
github.com/falcomza/go-docx/delete.go:61.2,61.20 1 1
github.com/falcomza/go-docx/delete.go:61.20,63.3 1 1
github.com/falcomza/go-docx/delete.go:65.2,67.16 3 1
github.com/falcomza/go-docx/delete.go:67.16,69.3 1 0
github.com/falcomza/go-docx/delete.go:71.2,72.16 2 1
github.com/falcomza/go-docx/delete.go:72.16,74.3 1 1
github.com/falcomza/go-docx/delete.go:76.2,76.62 1 1
github.com/falcomza/go-docx/delete.go:76.62,78.3 1 0
github.com/falcomza/go-docx/delete.go:80.2,80.12 1 1
github.com/falcomza/go-docx/delete.go:85.53,86.14 1 1
github.com/falcomza/go-docx/delete.go:86.14,88.3 1 1
github.com/falcomza/go-docx/delete.go:89.2,89.20 1 1
github.com/falcomza/go-docx/delete.go:89.20,91.3 1 1
github.com/falcomza/go-docx/delete.go:93.2,95.16 3 1
github.com/falcomza/go-docx/delete.go:95.16,97.3 1 0
github.com/falcomza/go-docx/delete.go:99.2,100.16 2 1
github.com/falcomza/go-docx/delete.go:100.16,102.3 1 1
github.com/falcomza/go-docx/delete.go:104.2,104.62 1 1
github.com/falcomza/go-docx/delete.go:104.62,106.3 1 0
github.com/falcomza/go-docx/delete.go:108.2,108.12 1 1
github.com/falcomza/go-docx/delete.go:112.53,113.14 1 1
github.com/falcomza/go-docx/delete.go:113.14,115.3 1 1
github.com/falcomza/go-docx/delete.go:116.2,116.20 1 1
github.com/falcomza/go-docx/delete.go:116.20,118.3 1 1
github.com/falcomza/go-docx/delete.go:120.2,122.16 3 1
github.com/falcomza/go-docx/delete.go:122.16,124.3 1 0
github.com/falcomza/go-docx/delete.go:126.2,127.16 2 1
github.com/falcomza/go-docx/delete.go:127.16,129.3 1 1
github.com/falcomza/go-docx/delete.go:131.2,131.62 1 1
github.com/falcomza/go-docx/delete.go:131.62,133.3 1 0
github.com/falcomza/go-docx/delete.go:135.2,135.12 1 1
github.com/falcomza/go-docx/delete.go:139.99,142.20 2 1
github.com/falcomza/go-docx/delete.go:142.20,144.22 2 1
github.com/falcomza/go-docx/delete.go:144.22,146.4 1 1
github.com/falcomza/go-docx/delete.go:146.9,148.4 1 1
github.com/falcomza/go-docx/delete.go:149.8,150.22 1 1
github.com/falcomza/go-docx/delete.go:150.22,152.4 1 1
github.com/falcomza/go-docx/delete.go:152.9,154.4 1 1
github.com/falcomza/go-docx/delete.go:158.2,165.32 6 1
github.com/falcomza/go-docx/delete.go:165.32,169.36 3 1
github.com/falcomza/go-docx/delete.go:169.36,174.12 4 1
github.com/falcomza/go-docx/delete.go:178.3,179.23 2 1
github.com/falcomza/go-docx/delete.go:183.2,185.35 2 1
github.com/falcomza/go-docx/delete.go:189.56,194.21 3 1
github.com/falcomza/go-docx/delete.go:194.21,196.3 1 1
github.com/falcomza/go-docx/delete.go:198.2,205.28 5 1
github.com/falcomza/go-docx/delete.go:209.56,215.21 3 1
github.com/falcomza/go-docx/delete.go:215.21,217.3 1 1
github.com/falcomza/go-docx/delete.go:219.2,226.28 5 1
github.com/falcomza/go-docx/delete.go:230.56,235.21 3 1
github.com/falcomza/go-docx/delete.go:235.21,237.3 1 1
github.com/falcomza/go-docx/delete.go:239.2,246.28 5 1
github.com/falcomza/go-docx/delete.go:250.48,251.14 1 1
github.com/falcomza/go-docx/delete.go:251.14,253.3 1 1
github.com/falcomza/go-docx/delete.go:255.2,257.16 3 1
github.com/falcomza/go-docx/delete.go:257.16,259.3 1 0
github.com/falcomza/go-docx/delete.go:261.2,264.25 3 1
github.com/falcomza/go-docx/delete.go:268.52,269.14 1 1
github.com/falcomza/go-docx/delete.go:269.14,271.3 1 1
github.com/falcomza/go-docx/delete.go:273.2,275.16 3 1
github.com/falcomza/go-docx/delete.go:275.16,277.3 1 0
github.com/falcomza/go-docx/delete.go:279.2,282.24 3 1
github.com/falcomza/go-docx/delete.go:286.48,287.14 1 1
github.com/falcomza/go-docx/delete.go:287.14,289.3 1 1
github.com/falcomza/go-docx/delete.go:291.2,293.16 3 1
github.com/falcomza/go-docx/delete.go:293.16,295.3 1 0
github.com/falcomza/go-docx/delete.go:298.2,301.24 3 1
github.com/falcomza/go-docx/errors.go:74.36,75.18 1 1
github.com/falcomza/go-docx/errors.go:75.18,77.3 1 1
github.com/falcomza/go-docx/errors.go:78.2,78.49 1 1
github.com/falcomza/go-docx/errors.go:82.36,84.2 1 1
github.com/falcomza/go-docx/errors.go:87.67,88.22 1 1
github.com/falcomza/go-docx/errors.go:88.22,90.3 1 1
github.com/falcomza/go-docx/errors.go:91.2,92.10 2 1
github.com/falcomza/go-docx/errors.go:98.45,104.2 1 1
github.com/falcomza/go-docx/errors.go:107.52,112.2 1 1
github.com/falcomza/go-docx/errors.go:115.47,121.2 1 1
github.com/falcomza/go-docx/errors.go:124.47,130.2 1 1
github.com/falcomza/go-docx/errors.go:133.46,139.2 1 1
github.com/falcomza/go-docx/errors.go:142.60,149.2 1 1
github.com/falcomza/go-docx/errors.go:152.53,159.2 1 1
github.com/falcomza/go-docx/errors.go:162.53,169.2 1 1
github.com/falcomza/go-docx/errors.go:172.59,178.2 1 1
github.com/falcomza/go-docx/errors.go:181.53,187.2 1 1
github.com/falcomza/go-docx/errors.go:190.46,196.2 1 1
github.com/falcomza/go-docx/errors.go:199.58,205.2 1 1
github.com/falcomza/go-docx/errors.go:208.56,214.2 1 1
github.com/falcomza/go-docx/errors.go:217.43,223.2 1 1
github.com/falcomza/go-docx/errors.go:226.59,232.2 1 1
github.com/falcomza/go-docx/excel_handler.go:17.68,19.16 2 1
github.com/falcomza/go-docx/excel_handler.go:19.16,21.3 1 0
github.com/falcomza/go-docx/excel_handler.go:23.2,24.16 2 1
github.com/falcomza/go-docx/excel_handler.go:24.16,26.3 1 0
github.com/falcomza/go-docx/excel_handler.go:28.2,31.28 3 1
github.com/falcomza/go-docx/excel_handler.go:31.28,33.17 2 1
github.com/falcomza/go-docx/excel_handler.go:33.17,35.4 1 0
github.com/falcomza/go-docx/excel_handler.go:37.3,38.17 2 1
github.com/falcomza/go-docx/excel_handler.go:38.17,41.4 2 0
github.com/falcomza/go-docx/excel_handler.go:43.3,43.36 1 1
github.com/falcomza/go-docx/excel_handler.go:43.36,45.4 1 0
github.com/falcomza/go-docx/excel_handler.go:47.3,48.32 2 1
github.com/falcomza/go-docx/excel_handler.go:51.2,53.16 3 1
github.com/falcomza/go-docx/excel_handler.go:53.16,55.3 1 0
github.com/falcomza/go-docx/excel_handler.go:56.2,56.25 1 1
github.com/falcomza/go-docx/excel_handler.go:56.25,58.3 1 0
github.com/falcomza/go-docx/excel_handler.go:60.2,62.65 3 1
github.com/falcomza/go-docx/excel_handler.go:62.65,65.17 3 1
github.com/falcomza/go-docx/excel_handler.go:65.17,67.4 1 0
github.com/falcomza/go-docx/excel_handler.go:68.3,69.26 2 1
github.com/falcomza/go-docx/excel_handler.go:72.2,73.16 2 1
github.com/falcomza/go-docx/excel_handler.go:73.16,75.3 1 0
github.com/falcomza/go-docx/excel_handler.go:76.2,80.29 4 1
github.com/falcomza/go-docx/excel_handler.go:80.29,82.17 2 1
github.com/falcomza/go-docx/excel_handler.go:82.17,84.4 1 0
github.com/falcomza/go-docx/excel_handler.go:85.3,85.51 1 1
github.com/falcomza/go-docx/excel_handler.go:85.51,87.4 1 0
github.com/falcomza/go-docx/excel_handler.go:89.2,89.35 1 1
github.com/falcomza/go-docx/excel_handler.go:89.35,91.3 1 0
github.com/falcomza/go-docx/excel_handler.go:93.2,93.67 1 1
github.com/falcomza/go-docx/excel_handler.go:93.67,95.3 1 0
github.com/falcomza/go-docx/excel_handler.go:96.2,96.67 1 1
github.com/falcomza/go-docx/excel_handler.go:96.67,98.3 1 0
github.com/falcomza/go-docx/excel_handler.go:100.2,100.12 1 1
github.com/falcomza/go-docx/excel_handler.go:103.48,104.29 1 0
github.com/falcomza/go-docx/excel_handler.go:104.29,105.88 1 0
github.com/falcomza/go-docx/excel_handler.go:105.88,107.4 1 0
github.com/falcomza/go-docx/excel_handler.go:109.2,109.11 1 0
github.com/falcomza/go-docx/excel_handler.go:112.86,117.28 5 1
github.com/falcomza/go-docx/excel_handler.go:117.28,119.3 1 0
github.com/falcomza/go-docx/excel_handler.go:121.2,122.56 2 1
github.com/falcomza/go-docx/excel_handler.go:122.56,124.3 1 0
github.com/falcomza/go-docx/excel_handler.go:125.2,125.25 1 1
github.com/falcomza/go-docx/excel_handler.go:125.25,127.3 1 0
github.com/falcomza/go-docx/excel_handler.go:129.2,130.54 2 1
github.com/falcomza/go-docx/excel_handler.go:130.54,132.3 1 0
github.com/falcomza/go-docx/excel_handler.go:134.2,135.41 2 1
github.com/falcomza/go-docx/excel_handler.go:135.41,136.35 1 1
github.com/falcomza/go-docx/excel_handler.go:136.35,138.9 2 1
github.com/falcomza/go-docx/excel_handler.go:141.2,141.18 1 1
github.com/falcomza/go-docx/excel_handler.go:141.18,143.3 1 0
github.com/falcomza/go-docx/excel_handler.go:145.2,146.32 2 1
github.com/falcomza/go-docx/excel_handler.go:146.32,148.3 1 1
github.com/falcomza/go-docx/excel_handler.go:149.2,149.39 1 0
github.com/falcomza/go-docx/excel_handler.go:160.127,165.39 4 1
github.com/falcomza/go-docx/excel_handler.go:165.39,167.3 1 0
github.com/falcomza/go-docx/excel_handler.go:168.2,175.38 6 1
github.com/falcomza/go-docx/excel_handler.go:175.38,177.3 1 0
github.com/falcomza/go-docx/excel_handler.go:179.2,179.29 1 1
github.com/falcomza/go-docx/excel_handler.go:182.100,189.32 5 1
github.com/falcomza/go-docx/excel_handler.go:189.32,191.3 1 1
github.com/falcomza/go-docx/excel_handler.go:192.2,194.43 2 1
github.com/falcomza/go-docx/excel_handler.go:194.43,198.36 4 1
github.com/falcomza/go-docx/excel_handler.go:198.36,200.30 2 1
github.com/falcomza/go-docx/excel_handler.go:200.30,202.5 1 1
github.com/falcomza/go-docx/excel_handler.go:203.4,203.56 1 1
github.com/falcomza/go-docx/excel_handler.go:205.3,205.26 1 1
github.com/falcomza/go-docx/excel_handler.go:208.2,209.19 2 1
github.com/falcomza/go-docx/excel_handler.go:212.96,213.22 1 1
github.com/falcomza/go-docx/excel_handler.go:213.22,214.42 1 1
github.com/falcomza/go-docx/excel_handler.go:214.42,216.4 1 1
github.com/falcomza/go-docx/excel_handler.go:218.2,218.37 1 1
github.com/falcomza/go-docx/excel_handler.go:221.49,223.2 1 1
github.com/falcomza/go-docx/excel_handler.go:225.59,227.2 1 1
github.com/falcomza/go-docx/excel_handler.go:229.51,231.2 1 1
github.com/falcomza/go-docx/excel_handler.go:247.94,249.57 2 1
github.com/falcomza/go-docx/excel_handler.go:249.57,251.3 1 0
github.com/falcomza/go-docx/excel_handler.go:252.2,252.24 1 1
github.com/falcomza/go-docx/excel_handler.go:252.24,254.3 1 0
github.com/falcomza/go-docx/excel_handler.go:257.2,258.33 2 1
github.com/falcomza/go-docx/excel_handler.go:258.33,259.44 1 1
github.com/falcomza/go-docx/excel_handler.go:259.44,261.4 1 1
github.com/falcomza/go-docx/excel_handler.go:264.2,264.40 1 1
github.com/falcomza/go-docx/excel_handler.go:264.40,265.42 1 1
github.com/falcomza/go-docx/excel_handler.go:265.42,267.4 1 0
github.com/falcomza/go-docx/excel_handler.go:268.3,269.38 2 1
github.com/falcomza/go-docx/excel_handler.go:272.2,273.32 2 1
github.com/falcomza/go-docx/excel_handler.go:273.32,275.3 1 1
github.com/falcomza/go-docx/excel_handler.go:276.2,276.36 1 1
github.com/falcomza/go-docx/excel_handler.go:276.36,278.3 1 1
github.com/falcomza/go-docx/excel_handler.go:279.2,283.16 4 1
github.com/falcomza/go-docx/excel_handler.go:283.16,285.3 1 0
github.com/falcomza/go-docx/excel_handler.go:287.2,288.26 2 1
github.com/falcomza/go-docx/footnote.go:34.62,35.14 1 1
github.com/falcomza/go-docx/footnote.go:35.14,37.3 1 1
github.com/falcomza/go-docx/footnote.go:38.2,38.21 1 1
github.com/falcomza/go-docx/footnote.go:38.21,40.3 1 1
github.com/falcomza/go-docx/footnote.go:41.2,41.23 1 1
github.com/falcomza/go-docx/footnote.go:41.23,43.3 1 1
github.com/falcomza/go-docx/footnote.go:46.2,47.16 2 1
github.com/falcomza/go-docx/footnote.go:47.16,49.3 1 0
github.com/falcomza/go-docx/footnote.go:52.2,52.68 1 1
github.com/falcomza/go-docx/footnote.go:52.68,54.3 1 0
github.com/falcomza/go-docx/footnote.go:57.2,57.83 1 1
github.com/falcomza/go-docx/footnote.go:57.83,59.3 1 0
github.com/falcomza/go-docx/footnote.go:61.2,61.12 1 1
github.com/falcomza/go-docx/footnote.go:67.60,68.14 1 1
github.com/falcomza/go-docx/footnote.go:68.14,70.3 1 1
github.com/falcomza/go-docx/footnote.go:71.2,71.21 1 1
github.com/falcomza/go-docx/footnote.go:71.21,73.3 1 1
github.com/falcomza/go-docx/footnote.go:74.2,74.23 1 1
github.com/falcomza/go-docx/footnote.go:74.23,76.3 1 0
github.com/falcomza/go-docx/footnote.go:79.2,80.16 2 1
github.com/falcomza/go-docx/footnote.go:80.16,82.3 1 0
github.com/falcomza/go-docx/footnote.go:85.2,85.66 1 1
github.com/falcomza/go-docx/footnote.go:85.66,87.3 1 0
github.com/falcomza/go-docx/footnote.go:90.2,90.81 1 1
github.com/falcomza/go-docx/footnote.go:90.81,92.3 1 0
github.com/falcomza/go-docx/footnote.go:94.2,94.12 1 1
github.com/falcomza/go-docx/footnote.go:98.53,101.51 2 1
github.com/falcomza/go-docx/footnote.go:101.51,104.62 2 1
github.com/falcomza/go-docx/footnote.go:104.62,106.4 1 0
github.com/falcomza/go-docx/footnote.go:109.3,109.77 1 1
github.com/falcomza/go-docx/footnote.go:109.77,111.4 1 0
github.com/falcomza/go-docx/footnote.go:114.3,114.76 1 1
github.com/falcomza/go-docx/footnote.go:114.76,116.4 1 0
github.com/falcomza/go-docx/footnote.go:118.3,118.16 1 1
github.com/falcomza/go-docx/footnote.go:122.2,123.16 2 1
github.com/falcomza/go-docx/footnote.go:123.16,125.3 1 0
github.com/falcomza/go-docx/footnote.go:127.2,127.44 1 1
github.com/falcomza/go-docx/footnote.go:131.52,134.51 2 1
github.com/falcomza/go-docx/footnote.go:134.51,136.62 2 1
github.com/falcomza/go-docx/footnote.go:136.62,138.4 1 0
github.com/falcomza/go-docx/footnote.go:140.3,140.75 1 1
github.com/falcomza/go-docx/footnote.go:140.75,142.4 1 0
github.com/falcomza/go-docx/footnote.go:144.3,144.74 1 1
github.com/falcomza/go-docx/footnote.go:144.74,146.4 1 0
github.com/falcomza/go-docx/footnote.go:148.3,148.16 1 1
github.com/falcomza/go-docx/footnote.go:151.2,152.16 2 0
github.com/falcomza/go-docx/footnote.go:152.16,154.3 1 0
github.com/falcomza/go-docx/footnote.go:156.2,156.43 1 0
github.com/falcomza/go-docx/footnote.go:160.43,186.2 18 1
github.com/falcomza/go-docx/footnote.go:189.42,213.2 18 1
github.com/falcomza/go-docx/footnote.go:216.65,219.16 3 1
github.com/falcomza/go-docx/footnote.go:219.16,221.3 1 0
github.com/falcomza/go-docx/footnote.go:223.2,228.20 4 1
github.com/falcomza/go-docx/footnote.go:228.20,230.3 1 0
github.com/falcomza/go-docx/footnote.go:232.2,238.60 6 1
github.com/falcomza/go-docx/footnote.go:238.60,240.3 1 0
github.com/falcomza/go-docx/footnote.go:242.2,242.12 1 1
github.com/falcomza/go-docx/footnote.go:246.64,249.16 3 1
github.com/falcomza/go-docx/footnote.go:249.16,251.3 1 0
github.com/falcomza/go-docx/footnote.go:253.2,257.20 4 1
github.com/falcomza/go-docx/footnote.go:257.20,259.3 1 0
github.com/falcomza/go-docx/footnote.go:261.2,267.60 6 1
github.com/falcomza/go-docx/footnote.go:267.60,269.3 1 0
github.com/falcomza/go-docx/footnote.go:271.2,271.12 1 1
github.com/falcomza/go-docx/footnote.go:275.56,297.2 14 1
github.com/falcomza/go-docx/footnote.go:300.55,320.2 14 1
github.com/falcomza/go-docx/footnote.go:324.89,327.16 3 1
github.com/falcomza/go-docx/footnote.go:327.16,329.3 1 0
github.com/falcomza/go-docx/footnote.go:332.2,333.16 2 1
github.com/falcomza/go-docx/footnote.go:333.16,335.3 1 0
github.com/falcomza/go-docx/footnote.go:338.2,339.28 2 1
github.com/falcomza/go-docx/footnote.go:339.28,343.3 1 1
github.com/falcomza/go-docx/footnote.go:343.8,347.3 1 1
github.com/falcomza/go-docx/footnote.go:351.2,358.61 6 1
github.com/falcomza/go-docx/footnote.go:358.61,360.3 1 0
github.com/falcomza/go-docx/footnote.go:362.2,362.12 1 1
github.com/falcomza/go-docx/footnote.go:366.53,371.32 4 1
github.com/falcomza/go-docx/footnote.go:371.32,372.21 1 1
github.com/falcomza/go-docx/footnote.go:372.21,374.18 2 1
github.com/falcomza/go-docx/footnote.go:374.18,375.13 1 0
github.com/falcomza/go-docx/footnote.go:377.4,377.18 1 1
github.com/falcomza/go-docx/footnote.go:377.18,379.5 1 1
github.com/falcomza/go-docx/footnote.go:383.2,383.18 1 1
github.com/falcomza/go-docx/footnote.go:387.71,390.16 3 1
github.com/falcomza/go-docx/footnote.go:390.16,392.3 1 0
github.com/falcomza/go-docx/footnote.go:394.2,397.41 2 1
github.com/falcomza/go-docx/footnote.go:397.41,399.3 1 0
github.com/falcomza/go-docx/footnote.go:401.2,402.16 2 1
github.com/falcomza/go-docx/footnote.go:402.16,404.3 1 0
github.com/falcomza/go-docx/footnote.go:406.2,413.71 3 1
github.com/falcomza/go-docx/footnote.go:413.71,415.3 1 0
github.com/falcomza/go-docx/footnote.go:417.2,417.12 1 1
github.com/falcomza/go-docx/footnote.go:421.71,424.16 3 1
github.com/falcomza/go-docx/footnote.go:424.16,426.3 1 0
github.com/falcomza/go-docx/footnote.go:428.2,430.41 2 1
github.com/falcomza/go-docx/footnote.go:430.41,432.3 1 0
github.com/falcomza/go-docx/footnote.go:434.2,444.69 4 1
github.com/falcomza/go-docx/footnote.go:444.69,446.3 1 0
github.com/falcomza/go-docx/footnote.go:448.2,448.12 1 1
github.com/falcomza/go-docx/headerfooter.go:84.43,90.2 1 1
github.com/falcomza/go-docx/headerfooter.go:93.43,99.2 1 1
github.com/falcomza/go-docx/headerfooter.go:102.84,103.14 1 1
github.com/falcomza/go-docx/headerfooter.go:103.14,105.3 1 0
github.com/falcomza/go-docx/headerfooter.go:108.2,109.19 2 1
github.com/falcomza/go-docx/headerfooter.go:110.19,111.29 1 0
github.com/falcomza/go-docx/headerfooter.go:112.18,113.29 1 0
github.com/falcomza/go-docx/headerfooter.go:114.21,115.29 1 1
github.com/falcomza/go-docx/headerfooter.go:116.10,117.28 1 0
github.com/falcomza/go-docx/headerfooter.go:120.2,126.67 3 1
github.com/falcomza/go-docx/headerfooter.go:126.67,128.3 1 0
github.com/falcomza/go-docx/headerfooter.go:131.2,132.16 2 1
github.com/falcomza/go-docx/headerfooter.go:132.16,134.3 1 0
github.com/falcomza/go-docx/headerfooter.go:137.2,137.136 1 1
github.com/falcomza/go-docx/headerfooter.go:137.136,139.3 1 0
github.com/falcomza/go-docx/headerfooter.go:142.2,142.75 1 1
github.com/falcomza/go-docx/headerfooter.go:142.75,144.3 1 0
github.com/falcomza/go-docx/headerfooter.go:146.2,146.12 1 1
github.com/falcomza/go-docx/headerfooter.go:150.84,151.14 1 1
github.com/falcomza/go-docx/headerfooter.go:151.14,153.3 1 0
github.com/falcomza/go-docx/headerfooter.go:156.2,157.19 2 1
github.com/falcomza/go-docx/headerfooter.go:158.19,159.29 1 0
github.com/falcomza/go-docx/headerfooter.go:160.18,161.29 1 0
github.com/falcomza/go-docx/headerfooter.go:162.21,163.29 1 1
github.com/falcomza/go-docx/headerfooter.go:164.10,165.28 1 0
github.com/falcomza/go-docx/headerfooter.go:168.2,174.67 3 1
github.com/falcomza/go-docx/headerfooter.go:174.67,176.3 1 0
github.com/falcomza/go-docx/headerfooter.go:179.2,180.16 2 1
github.com/falcomza/go-docx/headerfooter.go:180.16,182.3 1 0
github.com/falcomza/go-docx/headerfooter.go:185.2,185.136 1 1
github.com/falcomza/go-docx/headerfooter.go:185.136,187.3 1 0
github.com/falcomza/go-docx/headerfooter.go:190.2,190.75 1 1
github.com/falcomza/go-docx/headerfooter.go:190.75,192.3 1 0
github.com/falcomza/go-docx/headerfooter.go:194.2,194.12 1 1
github.com/falcomza/go-docx/headerfooter.go:198.94,202.15 3 1
github.com/falcomza/go-docx/headerfooter.go:202.15,204.3 1 1
github.com/falcomza/go-docx/headerfooter.go:206.2,213.83 6 1
github.com/falcomza/go-docx/headerfooter.go:213.83,215.3 1 1
github.com/falcomza/go-docx/headerfooter.go:218.2,218.24 1 1
github.com/falcomza/go-docx/headerfooter.go:218.24,220.3 1 1
github.com/falcomza/go-docx/headerfooter.go:223.2,223.18 1 1
github.com/falcomza/go-docx/headerfooter.go:223.18,225.3 1 0
github.com/falcomza/go-docx/headerfooter.go:227.2,229.29 2 1
github.com/falcomza/go-docx/headerfooter.go:233.80,253.28 15 1
github.com/falcomza/go-docx/headerfooter.go:253.28,257.3 3 1
github.com/falcomza/go-docx/headerfooter.go:257.8,259.3 1 1
github.com/falcomza/go-docx/headerfooter.go:260.2,265.30 4 1
github.com/falcomza/go-docx/headerfooter.go:265.30,269.3 3 1
github.com/falcomza/go-docx/headerfooter.go:269.8,271.3 1 0
github.com/falcomza/go-docx/headerfooter.go:272.2,277.29 4 1
github.com/falcomza/go-docx/headerfooter.go:277.29,281.3 3 1
github.com/falcomza/go-docx/headerfooter.go:281.8,283.3 1 1
github.com/falcomza/go-docx/headerfooter.go:284.2,289.21 4 1
github.com/falcomza/go-docx/headerfooter.go:293.69,300.18 5 1
github.com/falcomza/go-docx/headerfooter.go:300.18,303.39 2 1
github.com/falcomza/go-docx/headerfooter.go:303.39,305.4 1 1
github.com/falcomza/go-docx/headerfooter.go:309.2,315.51 6 1
github.com/falcomza/go-docx/headerfooter.go:315.51,325.3 8 1
github.com/falcomza/go-docx/headerfooter.go:327.2,330.21 3 1
github.com/falcomza/go-docx/headerfooter.go:334.63,344.22 8 0
github.com/falcomza/go-docx/headerfooter.go:344.22,346.3 1 0
github.com/falcomza/go-docx/headerfooter.go:348.2,354.21 6 0
github.com/falcomza/go-docx/headerfooter.go:358.92,362.16 3 1
github.com/falcomza/go-docx/headerfooter.go:362.16,364.3 1 0
github.com/falcomza/go-docx/headerfooter.go:366.2,370.96 3 1
github.com/falcomza/go-docx/headerfooter.go:370.96,372.3 1 0
github.com/falcomza/go-docx/headerfooter.go:375.2,376.16 2 1
github.com/falcomza/go-docx/headerfooter.go:376.16,378.3 1 0
github.com/falcomza/go-docx/headerfooter.go:381.2,382.28 2 1
github.com/falcomza/go-docx/headerfooter.go:382.28,384.3 1 1
github.com/falcomza/go-docx/headerfooter.go:386.2,397.71 3 1
github.com/falcomza/go-docx/headerfooter.go:397.71,399.3 1 0
github.com/falcomza/go-docx/headerfooter.go:401.2,401.19 1 1
github.com/falcomza/go-docx/headerfooter.go:405.142,409.16 3 1
github.com/falcomza/go-docx/headerfooter.go:409.16,411.3 1 0
github.com/falcomza/go-docx/headerfooter.go:413.2,419.38 4 1
github.com/falcomza/go-docx/headerfooter.go:419.38,421.82 1 1
github.com/falcomza/go-docx/headerfooter.go:421.82,423.4 1 1
github.com/falcomza/go-docx/headerfooter.go:424.8,428.3 2 0
github.com/falcomza/go-docx/headerfooter.go:431.2,431.70 1 1
github.com/falcomza/go-docx/headerfooter.go:431.70,433.3 1 0
github.com/falcomza/go-docx/headerfooter.go:435.2,435.12 1 1
github.com/falcomza/go-docx/headerfooter.go:439.152,442.27 2 1
github.com/falcomza/go-docx/headerfooter.go:442.27,444.3 1 0
github.com/falcomza/go-docx/headerfooter.go:444.8,444.33 1 1
github.com/falcomza/go-docx/headerfooter.go:444.33,446.3 1 0
github.com/falcomza/go-docx/headerfooter.go:449.2,450.24 2 1
github.com/falcomza/go-docx/headerfooter.go:450.24,452.3 1 1
github.com/falcomza/go-docx/headerfooter.go:452.8,454.3 1 1
github.com/falcomza/go-docx/headerfooter.go:457.2,458.67 2 1
github.com/falcomza/go-docx/headerfooter.go:458.67,461.3 1 0
github.com/falcomza/go-docx/headerfooter.go:461.8,464.3 1 1
github.com/falcomza/go-docx/headerfooter.go:465.2,465.63 1 1
github.com/falcomza/go-docx/headerfooter.go:465.63,467.3 1 0
github.com/falcomza/go-docx/headerfooter.go:468.2,468.75 1 1
github.com/falcomza/go-docx/headerfooter.go:468.75,470.3 1 0
github.com/falcomza/go-docx/headerfooter.go:472.2,472.15 1 1
github.com/falcomza/go-docx/headerfooter.go:476.142,481.20 3 0
github.com/falcomza/go-docx/headerfooter.go:481.20,483.3 1 0
github.com/falcomza/go-docx/headerfooter.go:484.2,484.22 1 0
github.com/falcomza/go-docx/headerfooter.go:484.22,486.3 1 0
github.com/falcomza/go-docx/headerfooter.go:489.2,490.27 2 0
github.com/falcomza/go-docx/headerfooter.go:490.27,492.3 1 0
github.com/falcomza/go-docx/headerfooter.go:492.8,492.33 1 0
github.com/falcomza/go-docx/headerfooter.go:492.33,494.3 1 0
github.com/falcomza/go-docx/headerfooter.go:497.2,497.24 1 0
github.com/falcomza/go-docx/headerfooter.go:497.24,499.3 1 0
github.com/falcomza/go-docx/headerfooter.go:499.8,501.3 1 0
github.com/falcomza/go-docx/headerfooter.go:503.2,505.21 2 0
github.com/falcomza/go-docx/headerfooter.go:509.81,513.16 3 1
github.com/falcomza/go-docx/headerfooter.go:513.16,515.3 1 0
github.com/falcomza/go-docx/headerfooter.go:517.2,520.41 2 1
github.com/falcomza/go-docx/headerfooter.go:520.41,522.3 1 0
github.com/falcomza/go-docx/headerfooter.go:524.2,525.28 2 1
github.com/falcomza/go-docx/headerfooter.go:525.28,527.3 1 1
github.com/falcomza/go-docx/headerfooter.go:529.2,539.79 3 1
github.com/falcomza/go-docx/headerfooter.go:539.79,541.3 1 0
github.com/falcomza/go-docx/headerfooter.go:543.2,543.12 1 1
github.com/falcomza/go-docx/helpers.go:14.33,21.2 6 1
github.com/falcomza/go-docx/helpers.go:25.36,27.2 1 1
github.com/falcomza/go-docx/helpers.go:31.34,32.12 1 1
github.com/falcomza/go-docx/helpers.go:32.12,34.3 1 0
github.com/falcomza/go-docx/helpers.go:35.2,36.12 2 1
github.com/falcomza/go-docx/helpers.go:36.12,40.3 3 1
github.com/falcomza/go-docx/helpers.go:41.2,41.20 1 1
github.com/falcomza/go-docx/helpers.go:46.35,48.2 1 1
github.com/falcomza/go-docx/helpers.go:53.45,55.13 2 1
github.com/falcomza/go-docx/helpers.go:55.13,57.3 1 1
github.com/falcomza/go-docx/helpers.go:58.2,59.17 2 1
github.com/falcomza/go-docx/helpers.go:59.17,61.3 1 1
github.com/falcomza/go-docx/helpers.go:62.2,62.23 1 1
github.com/falcomza/go-docx/helpers.go:62.23,63.84 1 1
github.com/falcomza/go-docx/helpers.go:63.84,65.4 1 0
github.com/falcomza/go-docx/helpers.go:67.2,67.27 1 1
github.com/falcomza/go-docx/helpers.go:71.49,74.16 3 1
github.com/falcomza/go-docx/helpers.go:74.16,76.3 1 0
github.com/falcomza/go-docx/helpers.go:78.2,81.32 3 1
github.com/falcomza/go-docx/helpers.go:81.32,82.21 1 1
github.com/falcomza/go-docx/helpers.go:82.21,84.18 2 1
github.com/falcomza/go-docx/helpers.go:84.18,85.13 1 0
github.com/falcomza/go-docx/helpers.go:87.4,87.18 1 1
github.com/falcomza/go-docx/helpers.go:87.18,89.5 1 1
github.com/falcomza/go-docx/helpers.go:93.2,93.23 1 1
github.com/falcomza/go-docx/helpers.go:97.58,100.2 2 1
github.com/falcomza/go-docx/helpers.go:103.60,105.16 2 1
github.com/falcomza/go-docx/helpers.go:105.16,107.3 1 0
github.com/falcomza/go-docx/helpers.go:109.2,110.50 2 1
github.com/falcomza/go-docx/helpers.go:110.50,112.3 1 0
github.com/falcomza/go-docx/helpers.go:114.2,115.41 2 1
github.com/falcomza/go-docx/helpers.go:115.41,116.73 1 1
github.com/falcomza/go-docx/helpers.go:116.73,118.18 2 1
github.com/falcomza/go-docx/helpers.go:118.18,119.13 1 0
github.com/falcomza/go-docx/helpers.go:121.4,121.18 1 1
github.com/falcomza/go-docx/helpers.go:121.18,123.5 1 1
github.com/falcomza/go-docx/helpers.go:127.2,127.43 1 1
github.com/falcomza/go-docx/hyperlink.go:36.49,43.2 1 1
github.com/falcomza/go-docx/hyperlink.go:46.85,47.14 1 1
github.com/falcomza/go-docx/hyperlink.go:47.14,49.3 1 0
github.com/falcomza/go-docx/hyperlink.go:50.2,50.16 1 1
github.com/falcomza/go-docx/hyperlink.go:50.16,52.3 1 0
github.com/falcomza/go-docx/hyperlink.go:53.2,53.18 1 1
github.com/falcomza/go-docx/hyperlink.go:53.18,55.3 1 0
github.com/falcomza/go-docx/hyperlink.go:58.2,58.44 1 1
github.com/falcomza/go-docx/hyperlink.go:58.44,60.3 1 1
github.com/falcomza/go-docx/hyperlink.go:63.2,63.22 1 1
github.com/falcomza/go-docx/hyperlink.go:63.22,65.3 1 0
github.com/falcomza/go-docx/hyperlink.go:66.2,66.22 1 1
github.com/falcomza/go-docx/hyperlink.go:66.22,68.3 1 1
github.com/falcomza/go-docx/hyperlink.go:71.2,72.16 2 1
github.com/falcomza/go-docx/hyperlink.go:72.16,74.3 1 0
github.com/falcomza/go-docx/hyperlink.go:77.2,82.16 4 1
github.com/falcomza/go-docx/hyperlink.go:82.16,84.3 1 0
github.com/falcomza/go-docx/hyperlink.go:87.2,88.16 2 1
github.com/falcomza/go-docx/hyperlink.go:88.16,90.3 1 0
github.com/falcomza/go-docx/hyperlink.go:93.2,93.62 1 1
github.com/falcomza/go-docx/hyperlink.go:93.62,95.3 1 0
github.com/falcomza/go-docx/hyperlink.go:97.2,97.12 1 1
github.com/falcomza/go-docx/hyperlink.go:101.94,102.14 1 1
github.com/falcomza/go-docx/hyperlink.go:102.14,104.3 1 0
github.com/falcomza/go-docx/hyperlink.go:105.2,105.16 1 1
github.com/falcomza/go-docx/hyperlink.go:105.16,107.3 1 0
github.com/falcomza/go-docx/hyperlink.go:108.2,108.24 1 1
github.com/falcomza/go-docx/hyperlink.go:108.24,110.3 1 0
github.com/falcomza/go-docx/hyperlink.go:113.2,113.22 1 1
github.com/falcomza/go-docx/hyperlink.go:113.22,115.3 1 0
github.com/falcomza/go-docx/hyperlink.go:116.2,116.22 1 1
github.com/falcomza/go-docx/hyperlink.go:116.22,118.3 1 0
github.com/falcomza/go-docx/hyperlink.go:121.2,126.16 4 1
github.com/falcomza/go-docx/hyperlink.go:126.16,128.3 1 0
github.com/falcomza/go-docx/hyperlink.go:131.2,132.16 2 1
github.com/falcomza/go-docx/hyperlink.go:132.16,134.3 1 0
github.com/falcomza/go-docx/hyperlink.go:137.2,137.62 1 1
github.com/falcomza/go-docx/hyperlink.go:137.62,139.3 1 0
github.com/falcomza/go-docx/hyperlink.go:141.2,141.12 1 1
github.com/falcomza/go-docx/hyperlink.go:145.75,149.16 3 1
github.com/falcomza/go-docx/hyperlink.go:149.16,151.3 1 0
github.com/falcomza/go-docx/hyperlink.go:153.2,157.16 3 1
github.com/falcomza/go-docx/hyperlink.go:157.16,159.3 1 0
github.com/falcomza/go-docx/hyperlink.go:162.2,172.71 3 1
github.com/falcomza/go-docx/hyperlink.go:172.71,174.3 1 0
github.com/falcomza/go-docx/hyperlink.go:176.2,176.19 1 1
github.com/falcomza/go-docx/hyperlink.go:180.90,186.22 3 1
github.com/falcomza/go-docx/hyperlink.go:186.22,190.3 3 1
github.com/falcomza/go-docx/hyperlink.go:193.2,194.48 2 1
github.com/falcomza/go-docx/hyperlink.go:194.48,196.20 2 1
github.com/falcomza/go-docx/hyperlink.go:196.20,198.4 1 0
github.com/falcomza/go-docx/hyperlink.go:199.3,199.70 1 1
github.com/falcomza/go-docx/hyperlink.go:201.2,211.22 5 1
[...]
github.com/falcomza/go-docx/table.go:582.2,586.49 3 1
github.com/falcomza/go-docx/table.go:586.49,588.3 1 1
github.com/falcomza/go-docx/table.go:591.2,591.35 1 1
github.com/falcomza/go-docx/table.go:591.35,605.3 2 1
github.com/falcomza/go-docx/table.go:607.2,608.21 2 1
github.com/falcomza/go-docx/table.go:612.162,624.22 5 1
github.com/falcomza/go-docx/table.go:624.22,626.3 1 1
github.com/falcomza/go-docx/table.go:628.2,636.21 4 1
github.com/falcomza/go-docx/table.go:636.21,638.3 1 1
github.com/falcomza/go-docx/table.go:639.2,647.14 5 1
github.com/falcomza/go-docx/table.go:647.14,649.25 2 1
github.com/falcomza/go-docx/table.go:649.25,651.4 1 1
github.com/falcomza/go-docx/table.go:652.3,652.29 1 1
github.com/falcomza/go-docx/table.go:652.29,654.4 1 0
github.com/falcomza/go-docx/table.go:655.3,655.25 1 1
github.com/falcomza/go-docx/table.go:655.25,658.4 2 1
github.com/falcomza/go-docx/table.go:659.3,659.28 1 1
github.com/falcomza/go-docx/table.go:659.28,661.4 1 1
github.com/falcomza/go-docx/table.go:662.3,662.30 1 1
github.com/falcomza/go-docx/table.go:666.2,667.72 2 1
github.com/falcomza/go-docx/table.go:667.72,669.3 1 1
github.com/falcomza/go-docx/table.go:670.2,679.21 7 1
github.com/falcomza/go-docx/table.go:683.88,686.25 2 1
github.com/falcomza/go-docx/table.go:686.25,688.62 1 1
github.com/falcomza/go-docx/table.go:688.62,690.4 1 0
github.com/falcomza/go-docx/table.go:693.3,693.30 1 1
github.com/falcomza/go-docx/table.go:693.30,695.4 1 0
github.com/falcomza/go-docx/table.go:698.3,701.90 2 1
github.com/falcomza/go-docx/table.go:704.2,704.23 1 1
github.com/falcomza/go-docx/table.go:705.25,706.52 1 0
github.com/falcomza/go-docx/table.go:707.19,708.50 1 1
github.com/falcomza/go-docx/table.go:709.25,710.24 1 0
github.com/falcomza/go-docx/table.go:710.24,712.4 1 0
github.com/falcomza/go-docx/table.go:713.3,713.63 1 0
github.com/falcomza/go-docx/table.go:714.26,715.24 1 0
github.com/falcomza/go-docx/table.go:715.24,717.4 1 0
github.com/falcomza/go-docx/table.go:718.3,718.64 1 0
github.com/falcomza/go-docx/table.go:719.10,720.52 1 0
github.com/falcomza/go-docx/table_update.go:14.81,15.14 1 1
github.com/falcomza/go-docx/table_update.go:15.14,17.3 1 0
github.com/falcomza/go-docx/table_update.go:18.2,18.20 1 1
github.com/falcomza/go-docx/table_update.go:18.20,20.3 1 1
github.com/falcomza/go-docx/table_update.go:21.2,21.13 1 1
github.com/falcomza/go-docx/table_update.go:21.13,23.3 1 1
github.com/falcomza/go-docx/table_update.go:24.2,24.13 1 1
github.com/falcomza/go-docx/table_update.go:24.13,26.3 1 1
github.com/falcomza/go-docx/table_update.go:28.2,30.16 3 1
github.com/falcomza/go-docx/table_update.go:30.16,32.3 1 0
github.com/falcomza/go-docx/table_update.go:34.2,35.16 2 1
github.com/falcomza/go-docx/table_update.go:35.16,37.3 1 1
github.com/falcomza/go-docx/table_update.go:39.2,39.46 1 1
github.com/falcomza/go-docx/table_update.go:43.97,48.16 3 1
github.com/falcomza/go-docx/table_update.go:48.16,50.3 1 1
github.com/falcomza/go-docx/table_update.go:51.2,55.16 3 1
github.com/falcomza/go-docx/table_update.go:55.16,57.3 1 1
github.com/falcomza/go-docx/table_update.go:58.2,62.16 3 1
github.com/falcomza/go-docx/table_update.go:62.16,64.3 1 1
github.com/falcomza/go-docx/table_update.go:65.2,69.16 3 1
github.com/falcomza/go-docx/table_update.go:69.16,71.3 1 0
github.com/falcomza/go-docx/table_update.go:74.2,77.28 4 1
github.com/falcomza/go-docx/table_update.go:85.78,93.6 7 1
github.com/falcomza/go-docx/table_update.go:93.6,97.10 4 1
github.com/falcomza/go-docx/table_update.go:98.27,99.16 1 0
github.com/falcomza/go-docx/table_update.go:99.16,101.5 1 0
github.com/falcomza/go-docx/table_update.go:101.10,103.5 1 0
github.com/falcomza/go-docx/table_update.go:104.16,105.12 1 1
github.com/falcomza/go-docx/table_update.go:106.16,107.12 1 0
github.com/falcomza/go-docx/table_update.go:109.3,109.14 1 1
github.com/falcomza/go-docx/table_update.go:109.14,111.4 1 1
github.com/falcomza/go-docx/table_update.go:112.3,115.19 4 1
github.com/falcomza/go-docx/table_update.go:115.19,117.4 1 0
github.com/falcomza/go-docx/table_update.go:118.3,119.17 2 1
github.com/falcomza/go-docx/table_update.go:119.17,121.4 1 1
github.com/falcomza/go-docx/table_update.go:122.3,124.34 3 1
github.com/falcomza/go-docx/table_update.go:129.63,134.63 3 1
github.com/falcomza/go-docx/table_update.go:134.63,135.69 1 1
github.com/falcomza/go-docx/table_update.go:135.69,137.4 1 1
github.com/falcomza/go-docx/table_update.go:138.8,138.70 1 0
github.com/falcomza/go-docx/table_update.go:138.70,139.69 1 0
github.com/falcomza/go-docx/table_update.go:139.69,141.4 1 0
github.com/falcomza/go-docx/table_update.go:145.2,147.16 3 1
github.com/falcomza/go-docx/table_update.go:147.16,150.44 2 0
github.com/falcomza/go-docx/table_update.go:150.44,153.16 2 0
github.com/falcomza/go-docx/table_update.go:153.16,155.5 1 0
github.com/falcomza/go-docx/table_update.go:157.3,160.20 4 0
github.com/falcomza/go-docx/table_update.go:160.20,164.4 3 0
github.com/falcomza/go-docx/table_update.go:164.9,166.4 1 0
github.com/falcomza/go-docx/table_update.go:167.3,168.25 2 0
github.com/falcomza/go-docx/table_update.go:170.2,171.65 2 1
github.com/falcomza/go-docx/table_update.go:171.65,172.73 1 1
github.com/falcomza/go-docx/table_update.go:172.73,174.4 1 1
github.com/falcomza/go-docx/table_update.go:178.2,190.19 10 1
github.com/falcomza/go-docx/table_update.go:190.19,194.3 3 1
github.com/falcomza/go-docx/table_update.go:195.2,197.24 3 1
github.com/falcomza/go-docx/toc.go:27.37,33.2 1 1
github.com/falcomza/go-docx/toc.go:38.52,39.14 1 1
github.com/falcomza/go-docx/toc.go:39.14,41.3 1 1
github.com/falcomza/go-docx/toc.go:43.2,43.30 1 1
github.com/falcomza/go-docx/toc.go:43.30,45.3 1 1
github.com/falcomza/go-docx/toc.go:47.2,51.16 4 1
github.com/falcomza/go-docx/toc.go:51.16,53.3 1 0
github.com/falcomza/go-docx/toc.go:55.2,56.16 2 1
github.com/falcomza/go-docx/toc.go:56.16,58.3 1 0
github.com/falcomza/go-docx/toc.go:60.2,60.62 1 1
github.com/falcomza/go-docx/toc.go:60.62,62.3 1 0
github.com/falcomza/go-docx/toc.go:64.2,64.12 1 1
github.com/falcomza/go-docx/toc.go:69.45,73.22 2 1
github.com/falcomza/go-docx/toc.go:73.22,75.3 1 1
github.com/falcomza/go-docx/toc.go:83.2,117.20 21 1
github.com/falcomza/go-docx/toc.go:121.47,139.2 15 1
github.com/falcomza/go-docx/toc.go:142.82,146.23 3 1
github.com/falcomza/go-docx/toc.go:147.25,149.17 2 1
github.com/falcomza/go-docx/toc.go:149.17,151.4 1 0
github.com/falcomza/go-docx/toc.go:152.19,154.20 2 1
github.com/falcomza/go-docx/toc.go:154.20,156.4 1 0
github.com/falcomza/go-docx/toc.go:157.3,157.91 1 1
github.com/falcomza/go-docx/toc.go:157.91,159.4 1 1
github.com/falcomza/go-docx/toc.go:159.9,161.4 1 0
github.com/falcomza/go-docx/toc.go:162.25,163.24 1 1
github.com/falcomza/go-docx/toc.go:163.24,165.4 1 0
github.com/falcomza/go-docx/toc.go:166.3,167.17 2 1
github.com/falcomza/go-docx/toc.go:167.17,169.4 1 0
github.com/falcomza/go-docx/toc.go:170.26,171.24 1 1
github.com/falcomza/go-docx/toc.go:171.24,173.4 1 0
github.com/falcomza/go-docx/toc.go:174.3,175.17 2 1
github.com/falcomza/go-docx/toc.go:175.17,177.4 1 0
github.com/falcomza/go-docx/toc.go:178.10,179.52 1 0
github.com/falcomza/go-docx/toc.go:182.2,187.20 5 1
github.com/falcomza/go-docx/toc.go:193.37,194.14 1 1
github.com/falcomza/go-docx/toc.go:194.14,196.3 1 1
github.com/falcomza/go-docx/toc.go:198.2,200.16 3 1
github.com/falcomza/go-docx/toc.go:200.16,202.3 1 0
github.com/falcomza/go-docx/toc.go:204.2,206.62 2 1
github.com/falcomza/go-docx/toc.go:206.62,208.3 1 0
github.com/falcomza/go-docx/toc.go:210.2,210.12 1 1
github.com/falcomza/go-docx/toc.go:216.45,219.18 2 1
github.com/falcomza/go-docx/toc.go:219.18,221.3 1 1
github.com/falcomza/go-docx/toc.go:222.2,222.18 1 1
github.com/falcomza/go-docx/toc.go:222.18,224.3 1 1
github.com/falcomza/go-docx/toc.go:227.2,230.20 4 1
github.com/falcomza/go-docx/toc.go:230.20,232.3 1 1
github.com/falcomza/go-docx/toc.go:235.2,236.47 2 1
github.com/falcomza/go-docx/toc.go:236.47,238.3 1 0
github.com/falcomza/go-docx/toc.go:241.2,248.15 6 1
github.com/falcomza/go-docx/toc.go:253.55,254.14 1 1
github.com/falcomza/go-docx/toc.go:254.14,256.3 1 1
github.com/falcomza/go-docx/toc.go:258.2,260.16 3 1
github.com/falcomza/go-docx/toc.go:260.16,262.3 1 0
github.com/falcomza/go-docx/toc.go:264.2,264.34 1 1
github.com/falcomza/go-docx/toc.go:276.48,280.6 3 1
github.com/falcomza/go-docx/toc.go:280.6,282.22 2 1
github.com/falcomza/go-docx/toc.go:282.22,283.9 1 1
github.com/falcomza/go-docx/toc.go:285.3,288.20 3 1
github.com/falcomza/go-docx/toc.go:288.20,289.9 1 0
github.com/falcomza/go-docx/toc.go:291.3,297.54 4 1
github.com/falcomza/go-docx/toc.go:297.54,299.4 1 1
github.com/falcomza/go-docx/toc.go:299.9,299.61 1 1
github.com/falcomza/go-docx/toc.go:299.61,301.4 1 1
github.com/falcomza/go-docx/toc.go:301.9,301.61 1 1
github.com/falcomza/go-docx/toc.go:301.61,303.4 1 1
github.com/falcomza/go-docx/toc.go:303.9,303.61 1 1
github.com/falcomza/go-docx/toc.go:303.61,305.4 1 0
github.com/falcomza/go-docx/toc.go:305.9,305.61 1 1
github.com/falcomza/go-docx/toc.go:305.61,307.4 1 0
github.com/falcomza/go-docx/toc.go:309.3,309.16 1 1
github.com/falcomza/go-docx/toc.go:309.16,311.18 2 1
github.com/falcomza/go-docx/toc.go:311.18,316.5 1 1
github.com/falcomza/go-docx/toc.go:319.3,319.24 1 1
github.com/falcomza/go-docx/toc.go:322.2,322.16 1 1
github.com/falcomza/go-docx/trackchanges.go:56.70,57.14 1 1
github.com/falcomza/go-docx/trackchanges.go:57.14,59.3 1 1
github.com/falcomza/go-docx/trackchanges.go:60.2,60.21 1 1
github.com/falcomza/go-docx/trackchanges.go:60.21,62.3 1 1
github.com/falcomza/go-docx/trackchanges.go:63.2,63.23 1 1
github.com/falcomza/go-docx/trackchanges.go:63.23,65.3 1 0
github.com/falcomza/go-docx/trackchanges.go:66.2,66.24 1 1
github.com/falcomza/go-docx/trackchanges.go:66.24,68.3 1 1
github.com/falcomza/go-docx/trackchanges.go:69.2,69.22 1 1
github.com/falcomza/go-docx/trackchanges.go:69.22,71.3 1 1
github.com/falcomza/go-docx/trackchanges.go:73.2,75.16 3 1
github.com/falcomza/go-docx/trackchanges.go:75.16,77.3 1 0
github.com/falcomza/go-docx/trackchanges.go:79.2,83.16 4 1
github.com/falcomza/go-docx/trackchanges.go:83.16,85.3 1 0
github.com/falcomza/go-docx/trackchanges.go:87.2,87.62 1 1
github.com/falcomza/go-docx/trackchanges.go:87.62,89.3 1 0
github.com/falcomza/go-docx/trackchanges.go:91.2,91.12 1 1
github.com/falcomza/go-docx/trackchanges.go:97.70,98.14 1 1
github.com/falcomza/go-docx/trackchanges.go:98.14,100.3 1 1
github.com/falcomza/go-docx/trackchanges.go:101.2,101.23 1 1
github.com/falcomza/go-docx/trackchanges.go:101.23,103.3 1 1
github.com/falcomza/go-docx/trackchanges.go:104.2,104.23 1 1
github.com/falcomza/go-docx/trackchanges.go:104.23,106.3 1 0
github.com/falcomza/go-docx/trackchanges.go:107.2,107.24 1 1
github.com/falcomza/go-docx/trackchanges.go:107.24,109.3 1 1
github.com/falcomza/go-docx/trackchanges.go:111.2,113.16 3 1
github.com/falcomza/go-docx/trackchanges.go:113.16,115.3 1 0
github.com/falcomza/go-docx/trackchanges.go:117.2,119.16 3 1
github.com/falcomza/go-docx/trackchanges.go:119.16,121.3 1 0
github.com/falcomza/go-docx/trackchanges.go:123.2,123.62 1 1
github.com/falcomza/go-docx/trackchanges.go:123.62,125.3 1 0
github.com/falcomza/go-docx/trackchanges.go:127.2,127.12 1 1
github.com/falcomza/go-docx/trackchanges.go:135.43,138.28 3 1
github.com/falcomza/go-docx/trackchanges.go:138.28,139.17 1 1
github.com/falcomza/go-docx/trackchanges.go:139.17,140.71 1 1
github.com/falcomza/go-docx/trackchanges.go:140.71,142.5 1 1
github.com/falcomza/go-docx/trackchanges.go:145.2,145.18 1 1
github.com/falcomza/go-docx/trackchanges.go:150.65,152.2 1 1
github.com/falcomza/go-docx/trackchanges.go:156.84,165.31 5 1
github.com/falcomza/go-docx/trackchanges.go:165.31,167.3 1 1
github.com/falcomza/go-docx/trackchanges.go:169.2,183.19 6 1
github.com/falcomza/go-docx/trackchanges.go:183.19,185.16 2 1
github.com/falcomza/go-docx/trackchanges.go:185.16,187.4 1 1
github.com/falcomza/go-docx/trackchanges.go:188.3,188.18 1 1
github.com/falcomza/go-docx/trackchanges.go:188.18,190.4 1 1
github.com/falcomza/go-docx/trackchanges.go:191.3,191.21 1 1
github.com/falcomza/go-docx/trackchanges.go:191.21,193.4 1 1
github.com/falcomza/go-docx/trackchanges.go:194.3,194.30 1 1
github.com/falcomza/go-docx/trackchanges.go:197.2,203.20 5 1
github.com/falcomza/go-docx/trackchanges.go:207.100,214.2 2 1
github.com/falcomza/go-docx/trackchanges.go:218.100,220.16 2 1
github.com/falcomza/go-docx/trackchanges.go:220.16,222.3 1 0
github.com/falcomza/go-docx/trackchanges.go:224.2,236.20 8 1
github.com/falcomza/go-docx/trackchanges.go:241.67,243.2 1 1
github.com/falcomza/go-docx/trackchanges.go:247.86,252.25 4 1
github.com/falcomza/go-docx/trackchanges.go:252.25,259.20 4 1
github.com/falcomza/go-docx/trackchanges.go:259.20,261.4 1 1
github.com/falcomza/go-docx/trackchanges.go:262.3,262.67 1 1
github.com/falcomza/go-docx/trackchanges.go:262.67,264.4 1 0
github.com/falcomza/go-docx/trackchanges.go:266.3,266.18 1 1
github.com/falcomza/go-docx/trackchanges.go:266.18,268.9 2 1
github.com/falcomza/go-docx/trackchanges.go:270.3,277.17 4 1
github.com/falcomza/go-docx/trackchanges.go:277.17,279.9 2 0
github.com/falcomza/go-docx/trackchanges.go:281.3,286.43 3 1
github.com/falcomza/go-docx/trackchanges.go:286.43,299.4 8 1
github.com/falcomza/go-docx/trackchanges.go:299.9,302.4 1 1
github.com/falcomza/go-docx/trackchanges.go:304.3,304.15 1 1
github.com/falcomza/go-docx/trackchanges.go:307.2,307.24 1 1
github.com/falcomza/go-docx/types.go:147.52,160.2 1 1
github.com/falcomza/go-docx/types.go:163.53,176.2 1 1
github.com/falcomza/go-docx/types.go:179.48,192.2 1 1
github.com/falcomza/go-docx/types.go:195.49,208.2 1 1
github.com/falcomza/go-docx/types.go:211.48,224.2 1 1
github.com/falcomza/go-docx/types.go:227.49,240.2 1 1
github.com/falcomza/go-docx/types.go:243.51,256.2 1 1
github.com/falcomza/go-docx/utils.go:13.48,15.16 2 1
github.com/falcomza/go-docx/utils.go:15.16,17.3 1 0
github.com/falcomza/go-docx/utils.go:18.2,22.27 3 1
github.com/falcomza/go-docx/utils.go:22.27,28.29 3 1
github.com/falcomza/go-docx/utils.go:28.29,30.4 1 0
github.com/falcomza/go-docx/utils.go:32.3,32.27 1 1
github.com/falcomza/go-docx/utils.go:32.27,33.52 1 0
github.com/falcomza/go-docx/utils.go:33.52,35.5 1 0
github.com/falcomza/go-docx/utils.go:36.4,36.12 1 0
github.com/falcomza/go-docx/utils.go:39.3,39.65 1 1
github.com/falcomza/go-docx/utils.go:39.65,41.4 1 0
github.com/falcomza/go-docx/utils.go:43.3,44.17 2 1
github.com/falcomza/go-docx/utils.go:44.17,46.4 1 0
github.com/falcomza/go-docx/utils.go:48.3,49.17 2 1
github.com/falcomza/go-docx/utils.go:49.17,52.4 2 0
github.com/falcomza/go-docx/utils.go:54.3,54.45 1 1
github.com/falcomza/go-docx/utils.go:54.45,58.4 3 0
github.com/falcomza/go-docx/utils.go:60.3,60.37 1 1
github.com/falcomza/go-docx/utils.go:60.37,63.4 2 0
github.com/falcomza/go-docx/utils.go:65.3,65.36 1 1
github.com/falcomza/go-docx/utils.go:65.36,67.4 1 0
github.com/falcomza/go-docx/utils.go:70.2,70.12 1 1
github.com/falcomza/go-docx/utils.go:73.59,75.16 2 1
github.com/falcomza/go-docx/utils.go:75.16,77.3 1 0
github.com/falcomza/go-docx/utils.go:79.2,79.56 1 1
github.com/falcomza/go-docx/utils.go:79.56,82.3 2 0
github.com/falcomza/go-docx/utils.go:84.2,84.36 1 1
github.com/falcomza/go-docx/utils.go:84.36,86.3 1 0
github.com/falcomza/go-docx/utils.go:88.2,88.12 1 1
github.com/falcomza/go-docx/utils.go:92.59,95.95 2 1
github.com/falcomza/go-docx/utils.go:95.95,96.21 1 1
github.com/falcomza/go-docx/utils.go:96.21,98.4 1 0
github.com/falcomza/go-docx/utils.go:99.3,99.37 1 1
github.com/falcomza/go-docx/utils.go:99.37,101.4 1 1
github.com/falcomza/go-docx/utils.go:103.3,104.17 2 1
github.com/falcomza/go-docx/utils.go:104.17,106.4 1 0
github.com/falcomza/go-docx/utils.go:108.3,110.17 3 1
github.com/falcomza/go-docx/utils.go:110.17,112.4 1 0
github.com/falcomza/go-docx/utils.go:114.3,115.17 2 1
github.com/falcomza/go-docx/utils.go:115.17,117.4 1 0
github.com/falcomza/go-docx/utils.go:119.3,119.43 1 1
github.com/falcomza/go-docx/utils.go:119.43,122.4 2 0
github.com/falcomza/go-docx/utils.go:124.3,124.35 1 1
github.com/falcomza/go-docx/utils.go:124.35,126.4 1 0
github.com/falcomza/go-docx/utils.go:128.3,128.13 1 1
github.com/falcomza/go-docx/utils.go:130.2,130.20 1 1
github.com/falcomza/go-docx/utils.go:130.20,133.3 2 0
github.com/falcomza/go-docx/utils.go:135.2,135.35 1 1
github.com/falcomza/go-docx/utils.go:135.35,137.3 1 0
github.com/falcomza/go-docx/utils.go:139.2,139.12 1 1
github.com/falcomza/go-docx/watermark.go:31.49,39.2 1 1
github.com/falcomza/go-docx/watermark.go:44.65,45.14 1 1
github.com/falcomza/go-docx/watermark.go:45.14,47.3 1 1
github.com/falcomza/go-docx/watermark.go:48.2,48.21 1 1
github.com/falcomza/go-docx/watermark.go:48.21,50.3 1 1
github.com/falcomza/go-docx/watermark.go:53.2,53.27 1 1
github.com/falcomza/go-docx/watermark.go:53.27,55.3 1 1
github.com/falcomza/go-docx/watermark.go:56.2,56.22 1 1
github.com/falcomza/go-docx/watermark.go:56.22,58.3 1 0
github.com/falcomza/go-docx/watermark.go:59.2,59.23 1 1
github.com/falcomza/go-docx/watermark.go:59.23,61.3 1 0
github.com/falcomza/go-docx/watermark.go:62.2,62.24 1 1
github.com/falcomza/go-docx/watermark.go:62.24,64.3 1 0
github.com/falcomza/go-docx/watermark.go:67.2,67.49 1 1
github.com/falcomza/go-docx/watermark.go:67.49,69.3 1 1
github.com/falcomza/go-docx/watermark.go:72.2,76.16 3 1
github.com/falcomza/go-docx/watermark.go:76.16,78.3 1 0
github.com/falcomza/go-docx/watermark.go:80.2,80.22 1 1
github.com/falcomza/go-docx/watermark.go:80.22,82.79 1 1
github.com/falcomza/go-docx/watermark.go:82.79,84.4 1 0
github.com/falcomza/go-docx/watermark.go:85.8,87.63 1 1
github.com/falcomza/go-docx/watermark.go:87.63,89.4 1 0
github.com/falcomza/go-docx/watermark.go:92.2,92.12 1 1
github.com/falcomza/go-docx/watermark.go:96.59,99.16 3 1
github.com/falcomza/go-docx/watermark.go:99.16,101.3 1 0
github.com/falcomza/go-docx/watermark.go:104.2,106.20 3 1
github.com/falcomza/go-docx/watermark.go:106.20,108.3 1 1
github.com/falcomza/go-docx/watermark.go:110.2,115.16 4 1
github.com/falcomza/go-docx/watermark.go:115.16,117.3 1 0
github.com/falcomza/go-docx/watermark.go:119.2,121.26 3 1
github.com/falcomza/go-docx/watermark.go:121.26,123.3 1 0
github.com/falcomza/go-docx/watermark.go:125.2,125.38 1 1
github.com/falcomza/go-docx/watermark.go:129.91,132.16 3 1
github.com/falcomza/go-docx/watermark.go:132.16,134.3 1 0
github.com/falcomza/go-docx/watermark.go:136.2,143.18 4 1
github.com/falcomza/go-docx/watermark.go:143.18,145.3 1 0
github.com/falcomza/go-docx/watermark.go:146.2,147.23 2 1
github.com/falcomza/go-docx/watermark.go:147.23,149.3 1 0
github.com/falcomza/go-docx/watermark.go:150.2,154.73 3 1
github.com/falcomza/go-docx/watermark.go:154.73,156.3 1 0
github.com/falcomza/go-docx/watermark.go:158.2,158.12 1 1
github.com/falcomza/go-docx/watermark.go:162.68,167.27 3 1
github.com/falcomza/go-docx/watermark.go:167.27,170.56 3 1
github.com/falcomza/go-docx/watermark.go:170.56,171.9 1 1
github.com/falcomza/go-docx/watermark.go:176.2,188.78 12 1
github.com/falcomza/go-docx/watermark.go:188.78,190.3 1 0
github.com/falcomza/go-docx/watermark.go:193.2,194.16 2 1
github.com/falcomza/go-docx/watermark.go:194.16,196.3 1 0
github.com/falcomza/go-docx/watermark.go:199.2,199.98 1 1
github.com/falcomza/go-docx/watermark.go:199.98,201.3 1 0
github.com/falcomza/go-docx/watermark.go:204.2,204.75 1 1
github.com/falcomza/go-docx/watermark.go:204.75,206.3 1 0
github.com/falcomza/go-docx/watermark.go:208.2,208.12 1 1
github.com/falcomza/go-docx/watermark.go:212.62,216.19 3 1
github.com/falcomza/go-docx/watermark.go:216.19,218.3 1 1
github.com/falcomza/go-docx/watermark.go:220.2,275.20 38 1
github.com/falcomza/go-docx/watermark.go:280.51,281.46 1 1
github.com/falcomza/go-docx/watermark.go:281.46,286.3 1 1
github.com/falcomza/go-docx/watermark.go:287.2,287.46 1 1
github.com/falcomza/go-docx/watermark.go:287.46,292.3 1 1
github.com/falcomza/go-docx/watermark.go:293.2,293.18 1 1
